DEB [20110518-10:32:06.769] thr=1   paramiko.transport: starting thread (client mode): 0xB7C6AD2CL
INF [20110518-10:32:06.883] thr=1   paramiko.transport: Connected (version 1.99, client OpenSSH_5.0)
DEB [20110518-10:32:06.919] thr=1   paramiko.transport: kex algos:['diffie-hellman-group-exchange-sha256', 'diffie-hellman-group-exchange-sha1', 'diffie-hellman-group14-sha1', 'diffie-hellman-group1-sha1'] server key:['ssh-rsa', 'ssh-dss'] client encrypt:['aes128-cbc', '3des-cbc', 'blowfish-cbc', 'cast128-cbc', 'arcfour128', 'arcfour256', 'arcfour', 'aes192-cbc', 'aes256-cbc', 'rijndael-cbc@lysator.liu.se', 'aes128-ctr', 'aes192-ctr', 'aes256-ctr'] server encrypt:['aes128-cbc', '3des-cbc', 'blowfish-cbc', 'cast128-cbc', 'arcfour128', 'arcfour256', 'arcfour', 'aes192-cbc', 'aes256-cbc', 'rijndael-cbc@lysator.liu.se', 'aes128-ctr', 'aes192-ctr', 'aes256-ctr'] client mac:['hmac-md5', 'hmac-sha1', 'umac-64@openssh.com', 'hmac-ripemd160', 'hmac-ripemd160@openssh.com', 'hmac-sha1-96', 'hmac-md5-96'] server mac:['hmac-md5', 'hmac-sha1', 'umac-64@openssh.com', 'hmac-ripemd160', 'hmac-ripemd160@openssh.com', 'hmac-sha1-96', 'hmac-md5-96'] client compress:['none', 'zlib@openssh.com'] server compress:['none', 'zlib@openssh.com'] client lang:[''] server lang:[''] kex follows?False
DEB [20110518-10:32:06.920] thr=1   paramiko.transport: Ciphers agreed: local=aes128-ctr, remote=aes128-ctr
DEB [20110518-10:32:06.920] thr=1   paramiko.transport: using kex diffie-hellman-group1-sha1; server key type ssh-rsa; cipher: local aes128-ctr, remote aes128-ctr; mac: local hmac-sha1, remote hmac-sha1; compression: local none, remote none
DEB [20110518-10:32:07.484] thr=1   paramiko.transport: Switch to new keys ...
DEB [20110518-10:32:07.487] thr=2   paramiko.transport: Adding ssh-rsa host key for gsun21: 8e2b8e0d6803fd49204d4da31256fb1c
DEB [20110518-10:32:07.488] thr=2   paramiko.transport: Trying discovered key d4c2af1a55b088121bc94e8ce9da64ed in /home/fallae/.ssh/id_rsa
DEB [20110518-10:32:07.681] thr=1   paramiko.transport: userauth is OK
INF [20110518-10:32:07.916] thr=1   paramiko.transport: Authentication (publickey) successful!
DEB [20110518-10:32:07.924] thr=2   paramiko.transport: [chan 1] Max packet in: 34816 bytes
DEB [20110518-10:32:08.009] thr=1   paramiko.transport: [chan 1] Max packet out: 32768 bytes
INF [20110518-10:32:08.009] thr=1   paramiko.transport: Secsh channel 1 opened.
DEB [20110518-10:32:08.075] thr=1   paramiko.transport: [chan 1] Sesch channel 1 request ok
DEB [20110518-10:32:08.240] thr=1   paramiko.transport: [chan 1] EOF received (1)
DEB [20110518-10:32:08.241] thr=1   paramiko.transport: [chan 1] EOF sent (1)
DEB [20110518-10:32:09.575] thr=2   paramiko.transport: [chan 2] Max packet in: 34816 bytes
DEB [20110518-10:32:09.609] thr=1   paramiko.transport: [chan 2] Max packet out: 32768 bytes
INF [20110518-10:32:09.609] thr=1   paramiko.transport: Secsh channel 2 opened.
DEB [20110518-10:32:09.691] thr=1   paramiko.transport: [chan 2] Sesch channel 2 request ok
DEB [20110518-10:32:09.853] thr=1   paramiko.transport: [chan 2] EOF received (2)
DEB [20110518-10:32:09.853] thr=1   paramiko.transport: [chan 2] EOF sent (2)
DEB [20110518-10:32:11.192] thr=2   paramiko.transport: [chan 3] Max packet in: 34816 bytes
DEB [20110518-10:32:11.225] thr=1   paramiko.transport: [chan 3] Max packet out: 32768 bytes
INF [20110518-10:32:11.225] thr=1   paramiko.transport: Secsh channel 3 opened.
DEB [20110518-10:32:11.303] thr=1   paramiko.transport: [chan 3] Sesch channel 3 request ok
DEB [20110518-10:32:11.638] thr=1   paramiko.transport: [chan 3] EOF received (3)
DEB [20110518-10:32:11.639] thr=1   paramiko.transport: [chan 3] EOF sent (3)
DEB [20110518-10:32:12.804] thr=2   paramiko.transport: [chan 4] Max packet in: 34816 bytes
DEB [20110518-10:32:12.836] thr=1   paramiko.transport: [chan 4] Max packet out: 32768 bytes
INF [20110518-10:32:12.836] thr=1   paramiko.transport: Secsh channel 4 opened.
DEB [20110518-10:32:12.911] thr=1   paramiko.transport: [chan 4] Sesch channel 4 request ok
DEB [20110518-10:32:13.192] thr=1   paramiko.transport: [chan 4] EOF received (4)
DEB [20110518-10:32:13.193] thr=1   paramiko.transport: [chan 4] EOF sent (4)
DEB [20110518-10:32:14.411] thr=2   paramiko.transport: [chan 5] Max packet in: 34816 bytes
DEB [20110518-10:32:14.451] thr=1   paramiko.transport: [chan 5] Max packet out: 32768 bytes
INF [20110518-10:32:14.451] thr=1   paramiko.transport: Secsh channel 5 opened.
DEB [20110518-10:32:14.523] thr=1   paramiko.transport: [chan 5] Sesch channel 5 request ok
DEB [20110518-10:32:14.677] thr=1   paramiko.transport: [chan 5] EOF received (5)
DEB [20110518-10:32:14.678] thr=1   paramiko.transport: [chan 5] EOF sent (5)
DEB [20110518-10:32:16.080] thr=1   paramiko.transport: EOF in transport thread
