DEB [20110802-15:11:29.094] thr=1   paramiko.transport: starting thread (client mode): 0xB7C7FCCCL
INF [20110802-15:11:29.129] thr=1   paramiko.transport: Connected (version 2.0, client Sun_SSH_1.1.1)
DEB [20110802-15:11:29.158] thr=1   paramiko.transport: kex algos:['diffie-hellman-group-exchange-sha1', 'diffie-hellman-group1-sha1'] server key:['ssh-rsa', 'ssh-dss'] client encrypt:['aes128-cbc', 'blowfish-cbc', '3des-cbc'] server encrypt:['aes128-cbc', 'blowfish-cbc', '3des-cbc'] client mac:['hmac-sha1', 'hmac-md5'] server mac:['hmac-sha1', 'hmac-md5'] client compress:['none', 'zlib'] server compress:['none', 'zlib'] client lang:['en-US', 'fr', 'fr-BE', 'fr-FR', 'hi-IN', 'ja-JP', 'nl-BE', 'th-TH', 'en-CA', 'en-GB', 'en-IE', 'es', 'es-MX', 'fr-CA', 'ja', 'nl', 'nl-NL', 'th', 'i-default'] server lang:['en-US', 'fr', 'fr-BE', 'fr-FR', 'hi-IN', 'ja-JP', 'nl-BE', 'th-TH', 'en-CA', 'en-GB', 'en-IE', 'es', 'es-MX', 'fr-CA', 'ja', 'nl', 'nl-NL', 'th', 'i-default'] kex follows?False
DEB [20110802-15:11:29.158] thr=1   paramiko.transport: Ciphers agreed: local=aes128-cbc, remote=aes128-cbc
DEB [20110802-15:11:29.158] thr=1   paramiko.transport: using kex diffie-hellman-group1-sha1; server key type ssh-rsa; cipher: local aes128-cbc, remote aes128-cbc; mac: local hmac-sha1, remote hmac-sha1; compression: local none, remote none
DEB [20110802-15:11:29.452] thr=1   paramiko.transport: Switch to new keys ...
DEB [20110802-15:11:29.453] thr=2   paramiko.transport: Adding ssh-rsa host key for amrndhp005a: ec5e30cfdbfbc4ee0eb6cbab2be070f0
DEB [20110802-15:11:29.785] thr=2   paramiko.transport: Trying discovered key 1503081827932303ec7bfc2556813626 in /home/vindaa/.ssh/id_dsa
DEB [20110802-15:11:29.814] thr=1   paramiko.transport: userauth is OK
INF [20110802-15:11:30.314] thr=1   paramiko.transport: Authentication (publickey) failed.
DEB [20110802-15:11:30.350] thr=1   paramiko.transport: userauth is OK
INF [20110802-15:11:30.434] thr=1   paramiko.transport: Authentication (password) failed.
DEB [20110802-15:11:30.706] thr=3   paramiko.transport: starting thread (client mode): 0xB7C81A8CL
INF [20110802-15:11:30.740] thr=3   paramiko.transport: Connected (version 2.0, client Sun_SSH_1.1.1)
DEB [20110802-15:11:30.769] thr=3   paramiko.transport: kex algos:['diffie-hellman-group-exchange-sha1', 'diffie-hellman-group1-sha1'] server key:['ssh-rsa', 'ssh-dss'] client encrypt:['aes128-cbc', 'blowfish-cbc', '3des-cbc'] server encrypt:['aes128-cbc', 'blowfish-cbc', '3des-cbc'] client mac:['hmac-sha1', 'hmac-md5'] server mac:['hmac-sha1', 'hmac-md5'] client compress:['none', 'zlib'] server compress:['none', 'zlib'] client lang:['en-US', 'fr', 'fr-BE', 'fr-FR', 'hi-IN', 'ja-JP', 'nl-BE', 'th-TH', 'en-CA', 'en-GB', 'en-IE', 'es', 'es-MX', 'fr-CA', 'ja', 'nl', 'nl-NL', 'th', 'i-default'] server lang:['en-US', 'fr', 'fr-BE', 'fr-FR', 'hi-IN', 'ja-JP', 'nl-BE', 'th-TH', 'en-CA', 'en-GB', 'en-IE', 'es', 'es-MX', 'fr-CA', 'ja', 'nl', 'nl-NL', 'th', 'i-default'] kex follows?False
DEB [20110802-15:11:30.769] thr=3   paramiko.transport: Ciphers agreed: local=aes128-cbc, remote=aes128-cbc
DEB [20110802-15:11:30.769] thr=3   paramiko.transport: using kex diffie-hellman-group1-sha1; server key type ssh-rsa; cipher: local aes128-cbc, remote aes128-cbc; mac: local hmac-sha1, remote hmac-sha1; compression: local none, remote none
DEB [20110802-15:11:31.073] thr=3   paramiko.transport: Switch to new keys ...
DEB [20110802-15:11:31.403] thr=2   paramiko.transport: Trying discovered key 1503081827932303ec7bfc2556813626 in /home/vindaa/.ssh/id_dsa
DEB [20110802-15:11:31.432] thr=3   paramiko.transport: userauth is OK
INF [20110802-15:11:31.608] thr=3   paramiko.transport: Authentication (publickey) failed.
DEB [20110802-15:11:31.641] thr=3   paramiko.transport: userauth is OK
INF [20110802-15:11:31.694] thr=3   paramiko.transport: Authentication (password) failed.
DEB [20110802-15:11:31.794] thr=3   paramiko.transport: EOF in transport thread
DEB [20110802-15:11:31.870] thr=1   paramiko.transport: EOF in transport thread
DEB [20110802-15:11:32.140] thr=4   paramiko.transport: starting thread (client mode): 0xB7C7FE4CL
INF [20110802-15:11:32.248] thr=4   paramiko.transport: Connected (version 1.99, client OpenSSH_5.0)
DEB [20110802-15:11:32.278] thr=4   paramiko.transport: kex algos:['diffie-hellman-group-exchange-sha256', 'diffie-hellman-group-exchange-sha1', 'diffie-hellman-group14-sha1', 'diffie-hellman-group1-sha1'] server key:['ssh-rsa', 'ssh-dss'] client encrypt:['aes128-cbc', '3des-cbc', 'blowfish-cbc', 'cast128-cbc', 'arcfour128', 'arcfour256', 'arcfour', 'aes192-cbc', 'aes256-cbc', 'rijndael-cbc@lysator.liu.se', 'aes128-ctr', 'aes192-ctr', 'aes256-ctr'] server encrypt:['aes128-cbc', '3des-cbc', 'blowfish-cbc', 'cast128-cbc', 'arcfour128', 'arcfour256', 'arcfour', 'aes192-cbc', 'aes256-cbc', 'rijndael-cbc@lysator.liu.se', 'aes128-ctr', 'aes192-ctr', 'aes256-ctr'] client mac:['hmac-md5', 'hmac-sha1', 'umac-64@openssh.com', 'hmac-ripemd160', 'hmac-ripemd160@openssh.com', 'hmac-sha1-96', 'hmac-md5-96'] server mac:['hmac-md5', 'hmac-sha1', 'umac-64@openssh.com', 'hmac-ripemd160', 'hmac-ripemd160@openssh.com', 'hmac-sha1-96', 'hmac-md5-96'] client compress:['none', 'zlib@openssh.com'] server compress:['none', 'zlib@openssh.com'] client lang:[''] server lang:[''] kex follows?False
DEB [20110802-15:11:32.278] thr=4   paramiko.transport: Ciphers agreed: local=aes128-ctr, remote=aes128-ctr
DEB [20110802-15:11:32.278] thr=4   paramiko.transport: using kex diffie-hellman-group1-sha1; server key type ssh-rsa; cipher: local aes128-ctr, remote aes128-ctr; mac: local hmac-sha1, remote hmac-sha1; compression: local none, remote none
DEB [20110802-15:11:32.874] thr=4   paramiko.transport: Switch to new keys ...
DEB [20110802-15:11:32.878] thr=2   paramiko.transport: Adding ssh-rsa host key for gsun21: 8e2b8e0d6803fd49204d4da31256fb1c
DEB [20110802-15:11:33.211] thr=2   paramiko.transport: Trying discovered key 1503081827932303ec7bfc2556813626 in /home/vindaa/.ssh/id_dsa
DEB [20110802-15:11:33.240] thr=4   paramiko.transport: userauth is OK
INF [20110802-15:11:33.714] thr=4   paramiko.transport: Authentication (publickey) successful!
DEB [20110802-15:11:33.717] thr=2   paramiko.transport: [chan 1] Max packet in: 34816 bytes
DEB [20110802-15:11:33.888] thr=4   paramiko.transport: [chan 1] Max packet out: 32768 bytes
INF [20110802-15:11:33.889] thr=4   paramiko.transport: Secsh channel 1 opened.
DEB [20110802-15:11:33.978] thr=4   paramiko.transport: [chan 1] Sesch channel 1 request ok
DEB [20110802-15:11:34.217] thr=4   paramiko.transport: [chan 1] EOF received (1)
DEB [20110802-15:11:34.218] thr=4   paramiko.transport: [chan 1] EOF sent (1)
DEB [20110802-15:11:34.219] thr=2   paramiko.transport: [chan 2] Max packet in: 34816 bytes
DEB [20110802-15:11:34.374] thr=4   paramiko.transport: [chan 2] Max packet out: 32768 bytes
INF [20110802-15:11:34.374] thr=4   paramiko.transport: Secsh channel 2 opened.
DEB [20110802-15:11:34.458] thr=4   paramiko.transport: [chan 2] Sesch channel 2 request ok
DEB [20110802-15:11:34.587] thr=4   paramiko.transport: [chan 2] EOF received (2)
DEB [20110802-15:11:34.588] thr=4   paramiko.transport: [chan 2] EOF sent (2)
DEB [20110802-15:11:35.489] thr=4   paramiko.transport: EOF in transport thread
DEB [20110802-15:11:35.788] thr=5   paramiko.transport: starting thread (client mode): 0xB7C81CECL
INF [20110802-15:11:35.893] thr=5   paramiko.transport: Connected (version 2.0, client OpenSSH_5.2)
DEB [20110802-15:11:35.922] thr=5   paramiko.transport: kex algos:['gss-gex-sha1-toWM5Slw5Ew8Mqkay+al2g==', 'gss-group1-sha1-toWM5Slw5Ew8Mqkay+al2g==', 'gss-group14-sha1-toWM5Slw5Ew8Mqkay+al2g==', 'diffie-hellman-group-exchange-sha256', 'diffie-hellman-group-exchange-sha1', 'diffie-hellman-group14-sha1', 'diffie-hellman-group1-sha1'] server key:['ssh-rsa', 'ssh-dss'] client encrypt:['aes128-ctr', 'aes192-ctr', 'aes256-ctr', 'arcfour256', 'arcfour128', 'aes128-cbc', '3des-cbc', 'blowfish-cbc', 'cast128-cbc', 'aes192-cbc', 'aes256-cbc', 'arcfour', 'rijndael-cbc@lysator.liu.se'] server encrypt:['aes128-ctr', 'aes192-ctr', 'aes256-ctr', 'arcfour256', 'arcfour128', 'aes128-cbc', '3des-cbc', 'blowfish-cbc', 'cast128-cbc', 'aes192-cbc', 'aes256-cbc', 'arcfour', 'rijndael-cbc@lysator.liu.se'] client mac:['hmac-md5', 'hmac-sha1', 'umac-64@openssh.com', 'hmac-ripemd160', 'hmac-ripemd160@openssh.com', 'hmac-sha1-96', 'hmac-md5-96'] server mac:['hmac-md5', 'hmac-sha1', 'umac-64@openssh.com', 'hmac-ripemd160', 'hmac-ripemd160@openssh.com', 'hmac-sha1-96', 'hmac-md5-96'] client compress:['none', 'zlib@openssh.com'] server compress:['none', 'zlib@openssh.com'] client lang:[''] server lang:[''] kex follows?False
DEB [20110802-15:11:35.922] thr=5   paramiko.transport: Ciphers agreed: local=aes128-ctr, remote=aes128-ctr
DEB [20110802-15:11:35.922] thr=5   paramiko.transport: using kex diffie-hellman-group1-sha1; server key type ssh-rsa; cipher: local aes128-ctr, remote aes128-ctr; mac: local hmac-sha1, remote hmac-sha1; compression: local none, remote none
DEB [20110802-15:11:37.282] thr=5   paramiko.transport: Switch to new keys ...
DEB [20110802-15:11:37.284] thr=2   paramiko.transport: Adding ssh-rsa host key for moppgmgscdrpp32.pfizer.com: c091301f06f184ef0517cc91d697cbab
DEB [20110802-15:11:37.618] thr=2   paramiko.transport: Trying discovered key 1503081827932303ec7bfc2556813626 in /home/vindaa/.ssh/id_dsa
DEB [20110802-15:11:37.648] thr=5   paramiko.transport: userauth is OK
INF [20110802-15:11:37.708] thr=5   paramiko.transport: Auth banner: The computer system (including all software, electronic mail, and the network) you have accessed is for the sole use of Company-authorized users (including contractors, consultants, and Company employees) in their conduct of Company-related business. Anything created, obtained or retained on the system is the property of the Company. All persons accessing the system without"
or in excess of, their authority or otherwise inappropriately using the system are subject to disciplinary action, including termination and/or criminal prosecution. The Company regularly monitors the system for maintenance and to investigate the activities of individuals suspected of improper usage. Monitoring includes the capture and retention of all electronic mail traffic in a repository in accordance
with applicable legal rules. Anyone using the system consents to such monitoring. Any suspected misuse should be immediately reported to the location Corporate Security representative. System users are accountable for the use and security of their passwords.

INF [20110802-15:11:37.709] thr=5   paramiko.transport: Authentication (publickey) failed.
DEB [20110802-15:11:37.748] thr=5   paramiko.transport: userauth is OK
INF [20110802-15:11:37.848] thr=5   paramiko.transport: Authentication (password) successful!
DEB [20110802-15:11:37.852] thr=2   paramiko.transport: [chan 1] Max packet in: 34816 bytes
DEB [20110802-15:11:37.900] thr=5   paramiko.transport: [chan 1] Max packet out: 32768 bytes
INF [20110802-15:11:37.900] thr=5   paramiko.transport: Secsh channel 1 opened.
DEB [20110802-15:11:37.949] thr=5   paramiko.transport: [chan 1] Sesch channel 1 request ok
DEB [20110802-15:11:37.965] thr=5   paramiko.transport: [chan 1] EOF received (1)
DEB [20110802-15:11:37.965] thr=2   paramiko.transport: [chan 2] Max packet in: 34816 bytes
DEB [20110802-15:11:37.967] thr=5   paramiko.transport: [chan 1] EOF sent (1)
DEB [20110802-15:11:37.995] thr=5   paramiko.transport: [chan 2] Max packet out: 32768 bytes
INF [20110802-15:11:37.995] thr=5   paramiko.transport: Secsh channel 2 opened.
DEB [20110802-15:11:38.145] thr=5   paramiko.transport: [chan 2] Sesch channel 2 request ok
DEB [20110802-15:11:38.156] thr=5   paramiko.transport: [chan 2] EOF received (2)
DEB [20110802-15:11:38.157] thr=5   paramiko.transport: [chan 2] EOF sent (2)
DEB [20110802-15:11:39.158] thr=5   paramiko.transport: EOF in transport thread
DEB [20110802-15:11:39.432] thr=6   paramiko.transport: starting thread (client mode): 0xB7C817ECL
INF [20110802-15:11:39.474] thr=6   paramiko.transport: Connected (version 2.0, client Sun_SSH_1.1.1)
DEB [20110802-15:11:39.523] thr=6   paramiko.transport: kex algos:['diffie-hellman-group-exchange-sha1', 'diffie-hellman-group1-sha1'] server key:['ssh-rsa', 'ssh-dss'] client encrypt:['aes128-cbc', 'blowfish-cbc', '3des-cbc'] server encrypt:['aes128-cbc', 'blowfish-cbc', '3des-cbc'] client mac:['hmac-sha1', 'hmac-md5'] server mac:['hmac-sha1', 'hmac-md5'] client compress:['none', 'zlib'] server compress:['none', 'zlib'] client lang:['en-US', 'hi-IN', 'en-CA', 'es', 'es-MX', 'fr', 'fr-CA', 'th', 'th-TH', 'i-default'] server lang:['en-US', 'hi-IN', 'en-CA', 'es', 'es-MX', 'fr', 'fr-CA', 'th', 'th-TH', 'i-default'] kex follows?False
DEB [20110802-15:11:39.523] thr=6   paramiko.transport: Ciphers agreed: local=aes128-cbc, remote=aes128-cbc
DEB [20110802-15:11:39.523] thr=6   paramiko.transport: using kex diffie-hellman-group1-sha1; server key type ssh-rsa; cipher: local aes128-cbc, remote aes128-cbc; mac: local hmac-sha1, remote hmac-sha1; compression: local none, remote none
DEB [20110802-15:11:39.842] thr=6   paramiko.transport: Switch to new keys ...
DEB [20110802-15:11:39.843] thr=2   paramiko.transport: Adding ssh-rsa host key for mopcfctronp1: ec4094773f3bd4101f26934e86bcafc2
DEB [20110802-15:11:40.185] thr=2   paramiko.transport: Trying discovered key 1503081827932303ec7bfc2556813626 in /home/vindaa/.ssh/id_dsa
DEB [20110802-15:11:40.222] thr=6   paramiko.transport: userauth is OK
INF [20110802-15:11:40.266] thr=6   paramiko.transport: Authentication (publickey) failed.
DEB [20110802-15:11:40.322] thr=6   paramiko.transport: userauth is OK
INF [20110802-15:11:40.384] thr=6   paramiko.transport: Authentication (password) successful!
DEB [20110802-15:11:40.388] thr=2   paramiko.transport: [chan 1] Max packet in: 34816 bytes
DEB [20110802-15:11:40.427] thr=6   paramiko.transport: [chan 1] Max packet out: 32768 bytes
INF [20110802-15:11:40.428] thr=6   paramiko.transport: Secsh channel 1 opened.
DEB [20110802-15:11:40.492] thr=6   paramiko.transport: [chan 1] Sesch channel 1 request ok
DEB [20110802-15:11:40.568] thr=6   paramiko.transport: [chan 1] EOF received (1)
DEB [20110802-15:11:40.568] thr=2   paramiko.transport: [chan 2] Max packet in: 34816 bytes
DEB [20110802-15:11:40.570] thr=6   paramiko.transport: [chan 1] EOF sent (1)
DEB [20110802-15:11:40.605] thr=6   paramiko.transport: [chan 2] Max packet out: 32768 bytes
INF [20110802-15:11:40.605] thr=6   paramiko.transport: Secsh channel 2 opened.
DEB [20110802-15:11:40.720] thr=6   paramiko.transport: [chan 2] Sesch channel 2 request ok
DEB [20110802-15:11:40.801] thr=6   paramiko.transport: [chan 2] EOF received (2)
DEB [20110802-15:11:40.802] thr=6   paramiko.transport: [chan 2] EOF sent (2)
DEB [20110802-15:11:41.803] thr=6   paramiko.transport: EOF in transport thread
DEB [20110802-15:11:42.123] thr=6   paramiko.transport: starting thread (client mode): 0xB7C817ECL
INF [20110802-15:11:42.161] thr=6   paramiko.transport: Connected (version 2.0, client Sun_SSH_1.1.1)
DEB [20110802-15:11:42.299] thr=6   paramiko.transport: kex algos:['gss-group1-sha1-toWM5Slw5Ew8Mqkay+al2g==', 'diffie-hellman-group-exchange-sha1', 'diffie-hellman-group1-sha1'] server key:['ssh-rsa', 'ssh-dss'] client encrypt:['aes128-cbc', 'blowfish-cbc', '3des-cbc'] server encrypt:['aes128-cbc', 'blowfish-cbc', '3des-cbc'] client mac:['hmac-sha1', 'hmac-md5'] server mac:['hmac-sha1', 'hmac-md5'] client compress:['none', 'zlib'] server compress:['none', 'zlib'] client lang:['en-CA', 'en-US', 'es', 'es-MX', 'fr', 'fr-CA', 'i-default'] server lang:['en-CA', 'en-US', 'es', 'es-MX', 'fr', 'fr-CA', 'i-default'] kex follows?False
DEB [20110802-15:11:42.299] thr=6   paramiko.transport: Ciphers agreed: local=aes128-cbc, remote=aes128-cbc
DEB [20110802-15:11:42.299] thr=6   paramiko.transport: using kex diffie-hellman-group1-sha1; server key type ssh-rsa; cipher: local aes128-cbc, remote aes128-cbc; mac: local hmac-sha1, remote hmac-sha1; compression: local none, remote none
DEB [20110802-15:11:42.611] thr=6   paramiko.transport: Switch to new keys ...
DEB [20110802-15:11:42.611] thr=2   paramiko.transport: Adding ssh-rsa host key for gsunk864d: 3c897265fada329a1aedaa0d295051e9
DEB [20110802-15:11:42.947] thr=2   paramiko.transport: Trying discovered key 1503081827932303ec7bfc2556813626 in /home/vindaa/.ssh/id_dsa
DEB [20110802-15:11:42.977] thr=6   paramiko.transport: userauth is OK
INF [20110802-15:11:45.215] thr=6   paramiko.transport: Authentication (publickey) successful!
DEB [20110802-15:11:45.232] thr=2   paramiko.transport: [chan 1] Max packet in: 34816 bytes
DEB [20110802-15:11:45.484] thr=6   paramiko.transport: [chan 1] Max packet out: 32768 bytes
INF [20110802-15:11:45.484] thr=6   paramiko.transport: Secsh channel 1 opened.
DEB [20110802-15:11:45.533] thr=6   paramiko.transport: [chan 1] Sesch channel 1 request ok
DEB [20110802-15:11:45.603] thr=6   paramiko.transport: [chan 1] EOF received (1)
DEB [20110802-15:11:45.603] thr=2   paramiko.transport: [chan 2] Max packet in: 34816 bytes
DEB [20110802-15:11:45.605] thr=6   paramiko.transport: [chan 1] EOF sent (1)
DEB [20110802-15:11:45.635] thr=6   paramiko.transport: [chan 2] Max packet out: 32768 bytes
INF [20110802-15:11:45.635] thr=6   paramiko.transport: Secsh channel 2 opened.
DEB [20110802-15:11:45.739] thr=6   paramiko.transport: [chan 2] Sesch channel 2 request ok
DEB [20110802-15:11:45.813] thr=6   paramiko.transport: [chan 2] EOF received (2)
DEB [20110802-15:11:45.814] thr=6   paramiko.transport: [chan 2] EOF sent (2)
DEB [20110802-15:11:46.814] thr=6   paramiko.transport: EOF in transport thread
