DEB [20110415-17:42:03.128] thr=1   paramiko.transport: starting thread (client mode): 0xB7C636ECL
INF [20110415-17:42:03.229] thr=1   paramiko.transport: Connected (version 1.99, client OpenSSH_5.0)
DEB [20110415-17:42:03.260] thr=1   paramiko.transport: kex algos:['diffie-hellman-group-exchange-sha256', 'diffie-hellman-group-exchange-sha1', 'diffie-hellman-group14-sha1', 'diffie-hellman-group1-sha1'] server key:['ssh-rsa', 'ssh-dss'] client encrypt:['aes128-cbc', '3des-cbc', 'blowfish-cbc', 'cast128-cbc', 'arcfour128', 'arcfour256', 'arcfour', 'aes192-cbc', 'aes256-cbc', 'rijndael-cbc@lysator.liu.se', 'aes128-ctr', 'aes192-ctr', 'aes256-ctr'] server encrypt:['aes128-cbc', '3des-cbc', 'blowfish-cbc', 'cast128-cbc', 'arcfour128', 'arcfour256', 'arcfour', 'aes192-cbc', 'aes256-cbc', 'rijndael-cbc@lysator.liu.se', 'aes128-ctr', 'aes192-ctr', 'aes256-ctr'] client mac:['hmac-md5', 'hmac-sha1', 'umac-64@openssh.com', 'hmac-ripemd160', 'hmac-ripemd160@openssh.com', 'hmac-sha1-96', 'hmac-md5-96'] server mac:['hmac-md5', 'hmac-sha1', 'umac-64@openssh.com', 'hmac-ripemd160', 'hmac-ripemd160@openssh.com', 'hmac-sha1-96', 'hmac-md5-96'] client compress:['none', 'zlib@openssh.com'] server compress:['none', 'zlib@openssh.com'] client lang:[''] server lang:[''] kex follows?False
DEB [20110415-17:42:03.260] thr=1   paramiko.transport: Ciphers agreed: local=aes128-ctr, remote=aes128-ctr
DEB [20110415-17:42:03.260] thr=1   paramiko.transport: using kex diffie-hellman-group1-sha1; server key type ssh-rsa; cipher: local aes128-ctr, remote aes128-ctr; mac: local hmac-sha1, remote hmac-sha1; compression: local none, remote none
DEB [20110415-17:42:03.887] thr=1   paramiko.transport: Switch to new keys ...
DEB [20110415-17:42:03.889] thr=2   paramiko.transport: Adding ssh-rsa host key for GDNS01: c911e820e6db5573a661968051e3ab8f
DEB [20110415-17:42:03.891] thr=2   paramiko.transport: Trying discovered key b9b91fa708e97dfdf42faefdd2a5dfeb in /home/vindaa/.ssh/id_rsa
DEB [20110415-17:42:04.037] thr=1   paramiko.transport: userauth is OK
INF [20110415-17:42:04.087] thr=1   paramiko.transport: Authentication (publickey) failed.
DEB [20110415-17:42:04.141] thr=1   paramiko.transport: userauth is OK
INF [20110415-17:42:04.174] thr=1   paramiko.transport: Authentication (password) failed.
DEB [20110415-17:42:04.438] thr=3   paramiko.transport: starting thread (client mode): 0xB7C6F0CCL
INF [20110415-17:42:04.537] thr=3   paramiko.transport: Connected (version 1.99, client OpenSSH_5.0)
DEB [20110415-17:42:04.568] thr=3   paramiko.transport: kex algos:['diffie-hellman-group-exchange-sha256', 'diffie-hellman-group-exchange-sha1', 'diffie-hellman-group14-sha1', 'diffie-hellman-group1-sha1'] server key:['ssh-rsa', 'ssh-dss'] client encrypt:['aes128-cbc', '3des-cbc', 'blowfish-cbc', 'cast128-cbc', 'arcfour128', 'arcfour256', 'arcfour', 'aes192-cbc', 'aes256-cbc', 'rijndael-cbc@lysator.liu.se', 'aes128-ctr', 'aes192-ctr', 'aes256-ctr'] server encrypt:['aes128-cbc', '3des-cbc', 'blowfish-cbc', 'cast128-cbc', 'arcfour128', 'arcfour256', 'arcfour', 'aes192-cbc', 'aes256-cbc', 'rijndael-cbc@lysator.liu.se', 'aes128-ctr', 'aes192-ctr', 'aes256-ctr'] client mac:['hmac-md5', 'hmac-sha1', 'umac-64@openssh.com', 'hmac-ripemd160', 'hmac-ripemd160@openssh.com', 'hmac-sha1-96', 'hmac-md5-96'] server mac:['hmac-md5', 'hmac-sha1', 'umac-64@openssh.com', 'hmac-ripemd160', 'hmac-ripemd160@openssh.com', 'hmac-sha1-96', 'hmac-md5-96'] client compress:['none', 'zlib@openssh.com'] server compress:['none', 'zlib@openssh.com'] client lang:[''] server lang:[''] kex follows?False
DEB [20110415-17:42:04.568] thr=3   paramiko.transport: Ciphers agreed: local=aes128-ctr, remote=aes128-ctr
DEB [20110415-17:42:04.568] thr=3   paramiko.transport: using kex diffie-hellman-group1-sha1; server key type ssh-rsa; cipher: local aes128-ctr, remote aes128-ctr; mac: local hmac-sha1, remote hmac-sha1; compression: local none, remote none
DEB [20110415-17:42:05.185] thr=3   paramiko.transport: Switch to new keys ...
DEB [20110415-17:42:05.188] thr=2   paramiko.transport: Trying discovered key b9b91fa708e97dfdf42faefdd2a5dfeb in /home/vindaa/.ssh/id_rsa
DEB [20110415-17:42:05.337] thr=3   paramiko.transport: userauth is OK
INF [20110415-17:42:05.383] thr=3   paramiko.transport: Authentication (publickey) failed.
DEB [20110415-17:42:05.421] thr=3   paramiko.transport: userauth is OK
INF [20110415-17:42:05.457] thr=3   paramiko.transport: Authentication (password) successful!
DEB [20110415-17:42:05.493] thr=2   paramiko.transport: [chan 1] Max packet in: 34816 bytes
DEB [20110415-17:42:05.525] thr=3   paramiko.transport: [chan 1] Max packet out: 32768 bytes
INF [20110415-17:42:05.525] thr=3   paramiko.transport: Secsh channel 1 opened.
DEB [20110415-17:42:05.608] thr=3   paramiko.transport: [chan 1] Sesch channel 1 request ok
DEB [20110415-17:42:05.636] thr=3   paramiko.transport: [chan 1] EOF received (1)
DEB [20110415-17:42:05.637] thr=3   paramiko.transport: [chan 1] EOF sent (1)
DEB [20110415-17:42:07.138] thr=3   paramiko.transport: EOF in transport thread
DEB [20110415-17:42:07.186] thr=1   paramiko.transport: EOF in transport thread
DEB [20110415-17:42:07.437] thr=4   paramiko.transport: starting thread (client mode): 0xB7C634CCL
INF [20110415-17:42:07.539] thr=4   paramiko.transport: Connected (version 1.99, client OpenSSH_5.0)
DEB [20110415-17:42:07.570] thr=4   paramiko.transport: kex algos:['diffie-hellman-group-exchange-sha256', 'diffie-hellman-group-exchange-sha1', 'diffie-hellman-group14-sha1', 'diffie-hellman-group1-sha1'] server key:['ssh-rsa', 'ssh-dss'] client encrypt:['aes128-cbc', '3des-cbc', 'blowfish-cbc', 'cast128-cbc', 'arcfour128', 'arcfour256', 'arcfour', 'aes192-cbc', 'aes256-cbc', 'rijndael-cbc@lysator.liu.se', 'aes128-ctr', 'aes192-ctr', 'aes256-ctr'] server encrypt:['aes128-cbc', '3des-cbc', 'blowfish-cbc', 'cast128-cbc', 'arcfour128', 'arcfour256', 'arcfour', 'aes192-cbc', 'aes256-cbc', 'rijndael-cbc@lysator.liu.se', 'aes128-ctr', 'aes192-ctr', 'aes256-ctr'] client mac:['hmac-md5', 'hmac-sha1', 'umac-64@openssh.com', 'hmac-ripemd160', 'hmac-ripemd160@openssh.com', 'hmac-sha1-96', 'hmac-md5-96'] server mac:['hmac-md5', 'hmac-sha1', 'umac-64@openssh.com', 'hmac-ripemd160', 'hmac-ripemd160@openssh.com', 'hmac-sha1-96', 'hmac-md5-96'] client compress:['none', 'zlib@openssh.com'] server compress:['none', 'zlib@openssh.com'] client lang:[''] server lang:[''] kex follows?False
DEB [20110415-17:42:07.570] thr=4   paramiko.transport: Ciphers agreed: local=aes128-ctr, remote=aes128-ctr
DEB [20110415-17:42:07.570] thr=4   paramiko.transport: using kex diffie-hellman-group1-sha1; server key type ssh-rsa; cipher: local aes128-ctr, remote aes128-ctr; mac: local hmac-sha1, remote hmac-sha1; compression: local none, remote none
DEB [20110415-17:42:08.114] thr=4   paramiko.transport: Switch to new keys ...
DEB [20110415-17:42:08.115] thr=2   paramiko.transport: Adding ssh-rsa host key for GDNS02: 0cb75405ac0d3824fa69b643f2aac7fb
DEB [20110415-17:42:08.116] thr=2   paramiko.transport: Trying discovered key b9b91fa708e97dfdf42faefdd2a5dfeb in /home/vindaa/.ssh/id_rsa
DEB [20110415-17:42:08.267] thr=4   paramiko.transport: userauth is OK
INF [20110415-17:42:08.314] thr=4   paramiko.transport: Authentication (publickey) failed.
DEB [20110415-17:42:08.349] thr=4   paramiko.transport: userauth is OK
INF [20110415-17:42:08.382] thr=4   paramiko.transport: Authentication (password) failed.
DEB [20110415-17:42:08.626] thr=5   paramiko.transport: starting thread (client mode): 0xB7C6F94CL
INF [20110415-17:42:08.725] thr=5   paramiko.transport: Connected (version 1.99, client OpenSSH_5.0)
DEB [20110415-17:42:08.756] thr=5   paramiko.transport: kex algos:['diffie-hellman-group-exchange-sha256', 'diffie-hellman-group-exchange-sha1', 'diffie-hellman-group14-sha1', 'diffie-hellman-group1-sha1'] server key:['ssh-rsa', 'ssh-dss'] client encrypt:['aes128-cbc', '3des-cbc', 'blowfish-cbc', 'cast128-cbc', 'arcfour128', 'arcfour256', 'arcfour', 'aes192-cbc', 'aes256-cbc', 'rijndael-cbc@lysator.liu.se', 'aes128-ctr', 'aes192-ctr', 'aes256-ctr'] server encrypt:['aes128-cbc', '3des-cbc', 'blowfish-cbc', 'cast128-cbc', 'arcfour128', 'arcfour256', 'arcfour', 'aes192-cbc', 'aes256-cbc', 'rijndael-cbc@lysator.liu.se', 'aes128-ctr', 'aes192-ctr', 'aes256-ctr'] client mac:['hmac-md5', 'hmac-sha1', 'umac-64@openssh.com', 'hmac-ripemd160', 'hmac-ripemd160@openssh.com', 'hmac-sha1-96', 'hmac-md5-96'] server mac:['hmac-md5', 'hmac-sha1', 'umac-64@openssh.com', 'hmac-ripemd160', 'hmac-ripemd160@openssh.com', 'hmac-sha1-96', 'hmac-md5-96'] client compress:['none', 'zlib@openssh.com'] server compress:['none', 'zlib@openssh.com'] client lang:[''] server lang:[''] kex follows?False
DEB [20110415-17:42:08.756] thr=5   paramiko.transport: Ciphers agreed: local=aes128-ctr, remote=aes128-ctr
DEB [20110415-17:42:08.756] thr=5   paramiko.transport: using kex diffie-hellman-group1-sha1; server key type ssh-rsa; cipher: local aes128-ctr, remote aes128-ctr; mac: local hmac-sha1, remote hmac-sha1; compression: local none, remote none
DEB [20110415-17:42:09.462] thr=5   paramiko.transport: Switch to new keys ...
DEB [20110415-17:42:09.467] thr=2   paramiko.transport: Trying discovered key b9b91fa708e97dfdf42faefdd2a5dfeb in /home/vindaa/.ssh/id_rsa
DEB [20110415-17:42:09.616] thr=5   paramiko.transport: userauth is OK
INF [20110415-17:42:09.663] thr=5   paramiko.transport: Authentication (publickey) failed.
DEB [20110415-17:42:09.700] thr=5   paramiko.transport: userauth is OK
INF [20110415-17:42:09.733] thr=5   paramiko.transport: Authentication (password) successful!
DEB [20110415-17:42:09.734] thr=2   paramiko.transport: [chan 1] Max packet in: 34816 bytes
DEB [20110415-17:42:09.765] thr=5   paramiko.transport: [chan 1] Max packet out: 32768 bytes
INF [20110415-17:42:09.765] thr=5   paramiko.transport: Secsh channel 1 opened.
DEB [20110415-17:42:09.818] thr=5   paramiko.transport: [chan 1] Sesch channel 1 request ok
DEB [20110415-17:42:09.837] thr=5   paramiko.transport: [chan 1] EOF received (1)
DEB [20110415-17:42:09.838] thr=5   paramiko.transport: [chan 1] EOF sent (1)
DEB [20110415-17:42:11.340] thr=5   paramiko.transport: EOF in transport thread
DEB [20110415-17:42:11.361] thr=4   paramiko.transport: EOF in transport thread
DEB [20110415-17:42:11.609] thr=6   paramiko.transport: starting thread (client mode): 0xB7C6348CL
INF [20110415-17:42:11.714] thr=6   paramiko.transport: Connected (version 1.99, client OpenSSH_5.0)
DEB [20110415-17:42:11.746] thr=6   paramiko.transport: kex algos:['diffie-hellman-group-exchange-sha256', 'diffie-hellman-group-exchange-sha1', 'diffie-hellman-group14-sha1', 'diffie-hellman-group1-sha1'] server key:['ssh-rsa', 'ssh-dss'] client encrypt:['aes128-cbc', '3des-cbc', 'blowfish-cbc', 'cast128-cbc', 'arcfour128', 'arcfour256', 'arcfour', 'aes192-cbc', 'aes256-cbc', 'rijndael-cbc@lysator.liu.se', 'aes128-ctr', 'aes192-ctr', 'aes256-ctr'] server encrypt:['aes128-cbc', '3des-cbc', 'blowfish-cbc', 'cast128-cbc', 'arcfour128', 'arcfour256', 'arcfour', 'aes192-cbc', 'aes256-cbc', 'rijndael-cbc@lysator.liu.se', 'aes128-ctr', 'aes192-ctr', 'aes256-ctr'] client mac:['hmac-md5', 'hmac-sha1', 'umac-64@openssh.com', 'hmac-ripemd160', 'hmac-ripemd160@openssh.com', 'hmac-sha1-96', 'hmac-md5-96'] server mac:['hmac-md5', 'hmac-sha1', 'umac-64@openssh.com', 'hmac-ripemd160', 'hmac-ripemd160@openssh.com', 'hmac-sha1-96', 'hmac-md5-96'] client compress:['none', 'zlib@openssh.com'] server compress:['none', 'zlib@openssh.com'] client lang:[''] server lang:[''] kex follows?False
DEB [20110415-17:42:11.746] thr=6   paramiko.transport: Ciphers agreed: local=aes128-ctr, remote=aes128-ctr
DEB [20110415-17:42:11.746] thr=6   paramiko.transport: using kex diffie-hellman-group1-sha1; server key type ssh-rsa; cipher: local aes128-ctr, remote aes128-ctr; mac: local hmac-sha1, remote hmac-sha1; compression: local none, remote none
DEB [20110415-17:42:12.292] thr=6   paramiko.transport: Switch to new keys ...
DEB [20110415-17:42:12.293] thr=2   paramiko.transport: Adding ssh-rsa host key for GSUN518: 6b4e1c283632659cba3f19d7d663bb64
DEB [20110415-17:42:12.294] thr=2   paramiko.transport: Trying discovered key b9b91fa708e97dfdf42faefdd2a5dfeb in /home/vindaa/.ssh/id_rsa
DEB [20110415-17:42:12.452] thr=6   paramiko.transport: userauth is OK
INF [20110415-17:42:12.547] thr=6   paramiko.transport: Authentication (publickey) failed.
DEB [20110415-17:42:12.591] thr=6   paramiko.transport: userauth is OK
INF [20110415-17:42:12.631] thr=6   paramiko.transport: Authentication (password) successful!
DEB [20110415-17:42:12.661] thr=2   paramiko.transport: [chan 1] Max packet in: 34816 bytes
DEB [20110415-17:42:12.694] thr=6   paramiko.transport: [chan 1] Max packet out: 32768 bytes
INF [20110415-17:42:12.694] thr=6   paramiko.transport: Secsh channel 1 opened.
DEB [20110415-17:42:12.762] thr=6   paramiko.transport: [chan 1] Sesch channel 1 request ok
DEB [20110415-17:42:12.857] thr=6   paramiko.transport: [chan 1] EOF received (1)
DEB [20110415-17:42:12.858] thr=6   paramiko.transport: [chan 1] EOF sent (1)
DEB [20110415-17:42:14.359] thr=6   paramiko.transport: EOF in transport thread
DEB [20110415-17:42:14.605] thr=7   paramiko.transport: starting thread (client mode): 0xB7C6346CL
INF [20110415-17:42:14.751] thr=7   paramiko.transport: Connected (version 2.0, client OpenSSH_5.0)
DEB [20110415-17:42:14.781] thr=7   paramiko.transport: kex algos:['gss-gex-sha1-toWM5Slw5Ew8Mqkay+al2g==', 'gss-group1-sha1-toWM5Slw5Ew8Mqkay+al2g==', 'gss-group14-sha1-toWM5Slw5Ew8Mqkay+al2g==', 'diffie-hellman-group-exchange-sha256', 'diffie-hellman-group-exchange-sha1', 'diffie-hellman-group14-sha1', 'diffie-hellman-group1-sha1'] server key:['ssh-rsa', 'ssh-dss'] client encrypt:['aes128-cbc', '3des-cbc', 'blowfish-cbc', 'cast128-cbc', 'arcfour128', 'arcfour256', 'arcfour', 'aes192-cbc', 'aes256-cbc', 'rijndael-cbc@lysator.liu.se', 'aes128-ctr', 'aes192-ctr', 'aes256-ctr'] server encrypt:['aes128-cbc', '3des-cbc', 'blowfish-cbc', 'cast128-cbc', 'arcfour128', 'arcfour256', 'arcfour', 'aes192-cbc', 'aes256-cbc', 'rijndael-cbc@lysator.liu.se', 'aes128-ctr', 'aes192-ctr', 'aes256-ctr'] client mac:['hmac-md5', 'hmac-sha1', 'umac-64@openssh.com', 'hmac-ripemd160', 'hmac-ripemd160@openssh.com', 'hmac-sha1-96', 'hmac-md5-96'] server mac:['hmac-md5', 'hmac-sha1', 'umac-64@openssh.com', 'hmac-ripemd160', 'hmac-ripemd160@openssh.com', 'hmac-sha1-96', 'hmac-md5-96'] client compress:['none', 'zlib@openssh.com'] server compress:['none', 'zlib@openssh.com'] client lang:[''] server lang:[''] kex follows?False
DEB [20110415-17:42:14.782] thr=7   paramiko.transport: Ciphers agreed: local=aes128-ctr, remote=aes128-ctr
DEB [20110415-17:42:14.782] thr=7   paramiko.transport: using kex diffie-hellman-group1-sha1; server key type ssh-rsa; cipher: local aes128-ctr, remote aes128-ctr; mac: local hmac-sha1, remote hmac-sha1; compression: local none, remote none
DEB [20110415-17:42:16.694] thr=7   paramiko.transport: Switch to new keys ...
DEB [20110415-17:42:16.695] thr=2   paramiko.transport: Adding ssh-rsa host key for GSUN625: 3b4d8bdcf61d383138004911972a2956
DEB [20110415-17:42:16.697] thr=2   paramiko.transport: Trying discovered key b9b91fa708e97dfdf42faefdd2a5dfeb in /home/vindaa/.ssh/id_rsa
DEB [20110415-17:42:16.846] thr=7   paramiko.transport: userauth is OK
INF [20110415-17:42:17.703] thr=7   paramiko.transport: Authentication (publickey) successful!
DEB [20110415-17:42:17.707] thr=2   paramiko.transport: [chan 1] Max packet in: 34816 bytes
DEB [20110415-17:42:18.509] thr=7   paramiko.transport: [chan 1] Max packet out: 32768 bytes
INF [20110415-17:42:18.509] thr=7   paramiko.transport: Secsh channel 1 opened.
DEB [20110415-17:42:18.550] thr=7   paramiko.transport: [chan 1] Sesch channel 1 request ok
DEB [20110415-17:42:18.576] thr=7   paramiko.transport: [chan 1] EOF received (1)
DEB [20110415-17:42:18.577] thr=7   paramiko.transport: [chan 1] EOF sent (1)
DEB [20110415-17:42:20.077] thr=7   paramiko.transport: EOF in transport thread
DEB [20110415-17:42:20.324] thr=8   paramiko.transport: starting thread (client mode): 0xB7C6356CL
INF [20110415-17:42:20.427] thr=8   paramiko.transport: Connected (version 1.99, client OpenSSH_5.0)
DEB [20110415-17:42:20.458] thr=8   paramiko.transport: kex algos:['diffie-hellman-group-exchange-sha256', 'diffie-hellman-group-exchange-sha1', 'diffie-hellman-group14-sha1', 'diffie-hellman-group1-sha1'] server key:['ssh-rsa', 'ssh-dss'] client encrypt:['aes128-cbc', '3des-cbc', 'blowfish-cbc', 'cast128-cbc', 'arcfour128', 'arcfour256', 'arcfour', 'aes192-cbc', 'aes256-cbc', 'rijndael-cbc@lysator.liu.se', 'aes128-ctr', 'aes192-ctr', 'aes256-ctr'] server encrypt:['aes128-cbc', '3des-cbc', 'blowfish-cbc', 'cast128-cbc', 'arcfour128', 'arcfour256', 'arcfour', 'aes192-cbc', 'aes256-cbc', 'rijndael-cbc@lysator.liu.se', 'aes128-ctr', 'aes192-ctr', 'aes256-ctr'] client mac:['hmac-md5', 'hmac-sha1', 'umac-64@openssh.com', 'hmac-ripemd160', 'hmac-ripemd160@openssh.com', 'hmac-sha1-96', 'hmac-md5-96'] server mac:['hmac-md5', 'hmac-sha1', 'umac-64@openssh.com', 'hmac-ripemd160', 'hmac-ripemd160@openssh.com', 'hmac-sha1-96', 'hmac-md5-96'] client compress:['none', 'zlib@openssh.com'] server compress:['none', 'zlib@openssh.com'] client lang:[''] server lang:[''] kex follows?False
DEB [20110415-17:42:20.458] thr=8   paramiko.transport: Ciphers agreed: local=aes128-ctr, remote=aes128-ctr
DEB [20110415-17:42:20.458] thr=8   paramiko.transport: using kex diffie-hellman-group1-sha1; server key type ssh-rsa; cipher: local aes128-ctr, remote aes128-ctr; mac: local hmac-sha1, remote hmac-sha1; compression: local none, remote none
DEB [20110415-17:42:20.994] thr=8   paramiko.transport: Switch to new keys ...
DEB [20110415-17:42:20.995] thr=2   paramiko.transport: Adding ssh-rsa host key for GSUN634: 37df6c275cb659c4959e266aa68a98e8
DEB [20110415-17:42:20.997] thr=2   paramiko.transport: Trying discovered key b9b91fa708e97dfdf42faefdd2a5dfeb in /home/vindaa/.ssh/id_rsa
DEB [20110415-17:42:21.151] thr=8   paramiko.transport: userauth is OK
INF [20110415-17:42:21.242] thr=8   paramiko.transport: Authentication (publickey) successful!
DEB [20110415-17:42:21.263] thr=2   paramiko.transport: [chan 1] Max packet in: 34816 bytes
DEB [20110415-17:42:21.295] thr=8   paramiko.transport: [chan 1] Max packet out: 32768 bytes
INF [20110415-17:42:21.295] thr=8   paramiko.transport: Secsh channel 1 opened.
DEB [20110415-17:42:21.360] thr=8   paramiko.transport: [chan 1] Sesch channel 1 request ok
DEB [20110415-17:42:21.503] thr=8   paramiko.transport: [chan 1] EOF received (1)
DEB [20110415-17:42:21.504] thr=8   paramiko.transport: [chan 1] EOF sent (1)
DEB [20110415-17:42:22.906] thr=8   paramiko.transport: EOF in transport thread
DEB [20110415-17:42:23.150] thr=9   paramiko.transport: starting thread (client mode): 0xB7C63FECL
INF [20110415-17:42:23.295] thr=9   paramiko.transport: Connected (version 2.0, client OpenSSH_5.0)
DEB [20110415-17:42:23.394] thr=9   paramiko.transport: kex algos:['gss-gex-sha1-toWM5Slw5Ew8Mqkay+al2g==', 'gss-group1-sha1-toWM5Slw5Ew8Mqkay+al2g==', 'gss-group14-sha1-toWM5Slw5Ew8Mqkay+al2g==', 'diffie-hellman-group-exchange-sha256', 'diffie-hellman-group-exchange-sha1', 'diffie-hellman-group14-sha1', 'diffie-hellman-group1-sha1'] server key:['ssh-rsa', 'ssh-dss'] client encrypt:['aes128-cbc', '3des-cbc', 'blowfish-cbc', 'cast128-cbc', 'arcfour128', 'arcfour256', 'arcfour', 'aes192-cbc', 'aes256-cbc', 'rijndael-cbc@lysator.liu.se', 'aes128-ctr', 'aes192-ctr', 'aes256-ctr'] server encrypt:['aes128-cbc', '3des-cbc', 'blowfish-cbc', 'cast128-cbc', 'arcfour128', 'arcfour256', 'arcfour', 'aes192-cbc', 'aes256-cbc', 'rijndael-cbc@lysator.liu.se', 'aes128-ctr', 'aes192-ctr', 'aes256-ctr'] client mac:['hmac-md5', 'hmac-sha1', 'umac-64@openssh.com', 'hmac-ripemd160', 'hmac-ripemd160@openssh.com', 'hmac-sha1-96', 'hmac-md5-96'] server mac:['hmac-md5', 'hmac-sha1', 'umac-64@openssh.com', 'hmac-ripemd160', 'hmac-ripemd160@openssh.com', 'hmac-sha1-96', 'hmac-md5-96'] client compress:['none', 'zlib@openssh.com'] server compress:['none', 'zlib@openssh.com'] client lang:[''] server lang:[''] kex follows?False
DEB [20110415-17:42:23.394] thr=9   paramiko.transport: Ciphers agreed: local=aes128-ctr, remote=aes128-ctr
DEB [20110415-17:42:23.395] thr=9   paramiko.transport: using kex diffie-hellman-group1-sha1; server key type ssh-rsa; cipher: local aes128-ctr, remote aes128-ctr; mac: local hmac-sha1, remote hmac-sha1; compression: local none, remote none
DEB [20110415-17:42:25.991] thr=9   paramiko.transport: Switch to new keys ...
DEB [20110415-17:42:25.992] thr=2   paramiko.transport: Adding ssh-rsa host key for GSUN635: 0342cc5a2bcb96d7a22ffa8249fb42ea
DEB [20110415-17:42:25.994] thr=2   paramiko.transport: Trying discovered key b9b91fa708e97dfdf42faefdd2a5dfeb in /home/vindaa/.ssh/id_rsa
DEB [20110415-17:42:26.147] thr=9   paramiko.transport: userauth is OK
INF [20110415-17:42:27.442] thr=9   paramiko.transport: Authentication (publickey) successful!
DEB [20110415-17:42:27.471] thr=2   paramiko.transport: [chan 1] Max packet in: 34816 bytes
DEB [20110415-17:42:29.621] thr=9   paramiko.transport: [chan 1] Max packet out: 32768 bytes
INF [20110415-17:42:29.621] thr=9   paramiko.transport: Secsh channel 1 opened.
DEB [20110415-17:42:29.659] thr=9   paramiko.transport: [chan 1] Sesch channel 1 request ok
DEB [20110415-17:42:29.686] thr=9   paramiko.transport: [chan 1] EOF received (1)
DEB [20110415-17:42:29.687] thr=9   paramiko.transport: [chan 1] EOF sent (1)
DEB [20110415-17:42:31.187] thr=9   paramiko.transport: EOF in transport thread
DEB [20110415-17:42:31.431] thr=10  paramiko.transport: starting thread (client mode): 0xB7C63E8CL
INF [20110415-17:42:31.465] thr=10  paramiko.transport: Connected (version 2.0, client Sun_SSH_1.1.1)
DEB [20110415-17:42:31.495] thr=10  paramiko.transport: kex algos:['diffie-hellman-group-exchange-sha1', 'diffie-hellman-group1-sha1'] server key:['ssh-rsa', 'ssh-dss'] client encrypt:['aes128-cbc', 'blowfish-cbc', '3des-cbc'] server encrypt:['aes128-cbc', 'blowfish-cbc', '3des-cbc'] client mac:['hmac-sha1', 'hmac-md5'] server mac:['hmac-sha1', 'hmac-md5'] client compress:['none', 'zlib'] server compress:['none', 'zlib'] client lang:['en-US', 'fr', 'fr-BE', 'fr-FR', 'hi-IN', 'ja-JP', 'nl-BE', 'th-TH', 'en-CA', 'en-GB', 'en-IE', 'es', 'es-MX', 'fr-CA', 'ja', 'nl', 'nl-NL', 'th', 'i-default'] server lang:['en-US', 'fr', 'fr-BE', 'fr-FR', 'hi-IN', 'ja-JP', 'nl-BE', 'th-TH', 'en-CA', 'en-GB', 'en-IE', 'es', 'es-MX', 'fr-CA', 'ja', 'nl', 'nl-NL', 'th', 'i-default'] kex follows?False
DEB [20110415-17:42:31.495] thr=10  paramiko.transport: Ciphers agreed: local=aes128-cbc, remote=aes128-cbc
DEB [20110415-17:42:31.496] thr=10  paramiko.transport: using kex diffie-hellman-group1-sha1; server key type ssh-rsa; cipher: local aes128-cbc, remote aes128-cbc; mac: local hmac-sha1, remote hmac-sha1; compression: local none, remote none
DEB [20110415-17:42:31.804] thr=10  paramiko.transport: Switch to new keys ...
DEB [20110415-17:42:31.805] thr=2   paramiko.transport: Adding ssh-rsa host key for GSUN17: ab19b968dd2e7bc3600b28b8c6b05e47
DEB [20110415-17:42:31.806] thr=2   paramiko.transport: Trying discovered key b9b91fa708e97dfdf42faefdd2a5dfeb in /home/vindaa/.ssh/id_rsa
DEB [20110415-17:42:31.954] thr=10  paramiko.transport: userauth is OK
INF [20110415-17:42:32.065] thr=10  paramiko.transport: Authentication (publickey) failed.
DEB [20110415-17:42:32.102] thr=10  paramiko.transport: userauth is OK
INF [20110415-17:42:32.420] thr=10  paramiko.transport: Authentication (password) successful!
DEB [20110415-17:42:32.439] thr=2   paramiko.transport: [chan 1] Max packet in: 34816 bytes
DEB [20110415-17:42:32.495] thr=10  paramiko.transport: [chan 1] Max packet out: 32768 bytes
INF [20110415-17:42:32.495] thr=10  paramiko.transport: Secsh channel 1 opened.
DEB [20110415-17:42:32.534] thr=10  paramiko.transport: [chan 1] Sesch channel 1 request ok
DEB [20110415-17:42:32.621] thr=10  paramiko.transport: [chan 1] EOF received (1)
DEB [20110415-17:42:32.622] thr=10  paramiko.transport: [chan 1] EOF sent (1)
DEB [20110415-17:42:34.126] thr=10  paramiko.transport: EOF in transport thread
DEB [20110415-17:42:34.374] thr=11  paramiko.transport: starting thread (client mode): 0xB7C6350CL
INF [20110415-17:42:34.410] thr=11  paramiko.transport: Connected (version 2.0, client Sun_SSH_1.1.1)
DEB [20110415-17:42:34.441] thr=11  paramiko.transport: kex algos:['diffie-hellman-group-exchange-sha1', 'diffie-hellman-group1-sha1'] server key:['ssh-rsa', 'ssh-dss'] client encrypt:['aes128-cbc', 'blowfish-cbc', '3des-cbc'] server encrypt:['aes128-cbc', 'blowfish-cbc', '3des-cbc'] client mac:['hmac-sha1', 'hmac-md5'] server mac:['hmac-sha1', 'hmac-md5'] client compress:['none', 'zlib'] server compress:['none', 'zlib'] client lang:['en-US', 'fr', 'fr-BE', 'fr-FR', 'hi-IN', 'ja-JP', 'nl-BE', 'th-TH', 'en-CA', 'en-GB', 'en-IE', 'es', 'es-MX', 'fr-CA', 'ja', 'nl', 'nl-NL', 'th', 'i-default'] server lang:['en-US', 'fr', 'fr-BE', 'fr-FR', 'hi-IN', 'ja-JP', 'nl-BE', 'th-TH', 'en-CA', 'en-GB', 'en-IE', 'es', 'es-MX', 'fr-CA', 'ja', 'nl', 'nl-NL', 'th', 'i-default'] kex follows?False
DEB [20110415-17:42:34.441] thr=11  paramiko.transport: Ciphers agreed: local=aes128-cbc, remote=aes128-cbc
DEB [20110415-17:42:34.441] thr=11  paramiko.transport: using kex diffie-hellman-group1-sha1; server key type ssh-rsa; cipher: local aes128-cbc, remote aes128-cbc; mac: local hmac-sha1, remote hmac-sha1; compression: local none, remote none
DEB [20110415-17:42:34.754] thr=11  paramiko.transport: Switch to new keys ...
DEB [20110415-17:42:34.756] thr=2   paramiko.transport: Adding ssh-rsa host key for GSUN18: e41c1e9e1e2fc463c613b28c398f2d41
DEB [20110415-17:42:34.758] thr=2   paramiko.transport: Trying discovered key b9b91fa708e97dfdf42faefdd2a5dfeb in /home/vindaa/.ssh/id_rsa
DEB [20110415-17:42:34.907] thr=11  paramiko.transport: userauth is OK
INF [20110415-17:42:35.327] thr=11  paramiko.transport: Authentication (publickey) successful!
DEB [20110415-17:42:35.365] thr=2   paramiko.transport: [chan 1] Max packet in: 34816 bytes
DEB [20110415-17:42:35.535] thr=11  paramiko.transport: [chan 1] Max packet out: 32768 bytes
INF [20110415-17:42:35.535] thr=11  paramiko.transport: Secsh channel 1 opened.
DEB [20110415-17:42:35.736] thr=2   paramiko.transport: [chan 1] EOF sent (1)
DEB [20110415-17:42:35.835] thr=11  paramiko.transport: EOF in transport thread
