DEB [20110808-15:04:03.126] thr=1   paramiko.transport: starting thread (client mode): 0xB7C79CECL
INF [20110808-15:04:03.166] thr=1   paramiko.transport: Connected (version 2.0, client OpenSSH_3.9p1)
DEB [20110808-15:04:03.203] thr=1   paramiko.transport: kex algos:['diffie-hellman-group-exchange-sha1', 'diffie-hellman-group14-sha1', 'diffie-hellman-group1-sha1'] server key:['ssh-rsa', 'ssh-dss'] client encrypt:['aes128-cbc', '3des-cbc', 'blowfish-cbc', 'cast128-cbc', 'arcfour', 'aes192-cbc', 'aes256-cbc', 'rijndael-cbc@lysator.liu.se', 'aes128-ctr', 'aes192-ctr', 'aes256-ctr'] server encrypt:['aes128-cbc', '3des-cbc', 'blowfish-cbc', 'cast128-cbc', 'arcfour', 'aes192-cbc', 'aes256-cbc', 'rijndael-cbc@lysator.liu.se', 'aes128-ctr', 'aes192-ctr', 'aes256-ctr'] client mac:['hmac-md5', 'hmac-sha1', 'hmac-ripemd160', 'hmac-ripemd160@openssh.com', 'hmac-sha1-96', 'hmac-md5-96'] server mac:['hmac-md5', 'hmac-sha1', 'hmac-ripemd160', 'hmac-ripemd160@openssh.com', 'hmac-sha1-96', 'hmac-md5-96'] client compress:['none', 'zlib'] server compress:['none', 'zlib'] client lang:[''] server lang:[''] kex follows?False
DEB [20110808-15:04:03.203] thr=1   paramiko.transport: Ciphers agreed: local=aes128-ctr, remote=aes128-ctr
DEB [20110808-15:04:03.203] thr=1   paramiko.transport: using kex diffie-hellman-group1-sha1; server key type ssh-rsa; cipher: local aes128-ctr, remote aes128-ctr; mac: local hmac-sha1, remote hmac-sha1; compression: local none, remote none
DEB [20110808-15:04:03.492] thr=1   paramiko.transport: Switch to new keys ...
DEB [20110808-15:04:03.494] thr=2   paramiko.transport: Adding ssh-rsa host key for amrndhl104: 988e13ea671cdf374b60682e2d6b8fcd
DEB [20110808-15:04:03.495] thr=2   paramiko.transport: Trying discovered key 83304b0987f950d3f1878d0fdf6863fb in /home/argueg/.ssh/id_dsa
DEB [20110808-15:04:03.603] thr=1   paramiko.transport: userauth is OK
INF [20110808-15:04:04.210] thr=1   paramiko.transport: Authentication (publickey) successful!
DEB [20110808-15:04:04.219] thr=2   paramiko.transport: [chan 1] Max packet in: 34816 bytes
DEB [20110808-15:04:04.393] thr=1   paramiko.transport: [chan 1] Max packet out: 32768 bytes
INF [20110808-15:04:04.393] thr=1   paramiko.transport: Secsh channel 1 opened.
DEB [20110808-15:04:04.458] thr=1   paramiko.transport: [chan 1] Sesch channel 1 request ok
DEB [20110808-15:04:13.512] thr=1   paramiko.transport: [chan 1] EOF received (1)
DEB [20110808-15:04:13.513] thr=1   paramiko.transport: [chan 1] EOF sent (1)
DEB [20110808-15:04:13.514] thr=2   paramiko.transport: [chan 2] Max packet in: 34816 bytes
DEB [20110808-15:04:13.586] thr=1   paramiko.transport: [chan 2] Max packet out: 32768 bytes
INF [20110808-15:04:13.586] thr=1   paramiko.transport: Secsh channel 2 opened.
DEB [20110808-15:04:13.654] thr=1   paramiko.transport: [chan 2] Sesch channel 2 request ok
DEB [20110808-15:04:13.745] thr=1   paramiko.transport: [chan 2] EOF received (2)
DEB [20110808-15:04:13.746] thr=1   paramiko.transport: [chan 2] EOF sent (2)
DEB [20110808-15:04:14.655] thr=2   paramiko.transport: [chan 3] Max packet in: 34816 bytes
DEB [20110808-15:04:14.691] thr=1   paramiko.transport: [chan 3] Max packet out: 32768 bytes
INF [20110808-15:04:14.691] thr=1   paramiko.transport: Secsh channel 3 opened.
DEB [20110808-15:04:14.757] thr=1   paramiko.transport: [chan 3] Sesch channel 3 request ok
DEB [20110808-15:04:14.871] thr=1   paramiko.transport: [chan 3] EOF received (3)
DEB [20110808-15:04:14.872] thr=1   paramiko.transport: [chan 3] EOF sent (3)
DEB [20110808-15:04:15.772] thr=1   paramiko.transport: EOF in transport thread
DEB [20110808-15:04:18.119] thr=3   paramiko.transport: starting thread (client mode): 0xB7C79E2CL
INF [20110808-15:04:18.152] thr=3   paramiko.transport: Connected (version 2.0, client OpenSSH_3.9p1)
DEB [20110808-15:04:18.182] thr=3   paramiko.transport: kex algos:['diffie-hellman-group-exchange-sha1', 'diffie-hellman-group14-sha1', 'diffie-hellman-group1-sha1'] server key:['ssh-rsa', 'ssh-dss'] client encrypt:['aes128-cbc', '3des-cbc', 'blowfish-cbc', 'cast128-cbc', 'arcfour', 'aes192-cbc', 'aes256-cbc', 'rijndael-cbc@lysator.liu.se', 'aes128-ctr', 'aes192-ctr', 'aes256-ctr'] server encrypt:['aes128-cbc', '3des-cbc', 'blowfish-cbc', 'cast128-cbc', 'arcfour', 'aes192-cbc', 'aes256-cbc', 'rijndael-cbc@lysator.liu.se', 'aes128-ctr', 'aes192-ctr', 'aes256-ctr'] client mac:['hmac-md5', 'hmac-sha1', 'hmac-ripemd160', 'hmac-ripemd160@openssh.com', 'hmac-sha1-96', 'hmac-md5-96'] server mac:['hmac-md5', 'hmac-sha1', 'hmac-ripemd160', 'hmac-ripemd160@openssh.com', 'hmac-sha1-96', 'hmac-md5-96'] client compress:['none', 'zlib'] server compress:['none', 'zlib'] client lang:[''] server lang:[''] kex follows?False
DEB [20110808-15:04:18.182] thr=3   paramiko.transport: Ciphers agreed: local=aes128-ctr, remote=aes128-ctr
DEB [20110808-15:04:18.182] thr=3   paramiko.transport: using kex diffie-hellman-group1-sha1; server key type ssh-rsa; cipher: local aes128-ctr, remote aes128-ctr; mac: local hmac-sha1, remote hmac-sha1; compression: local none, remote none
DEB [20110808-15:04:18.461] thr=3   paramiko.transport: Switch to new keys ...
DEB [20110808-15:04:18.463] thr=2   paramiko.transport: Adding ssh-rsa host key for amrndhl105: ab4b2ccebb6aeb08b0fb367b26eb855e
DEB [20110808-15:04:18.464] thr=2   paramiko.transport: Trying discovered key 83304b0987f950d3f1878d0fdf6863fb in /home/argueg/.ssh/id_dsa
DEB [20110808-15:04:18.558] thr=3   paramiko.transport: userauth is OK
INF [20110808-15:04:19.164] thr=3   paramiko.transport: Authentication (publickey) successful!
DEB [20110808-15:04:19.173] thr=2   paramiko.transport: [chan 1] Max packet in: 34816 bytes
DEB [20110808-15:04:19.272] thr=3   paramiko.transport: [chan 1] Max packet out: 32768 bytes
INF [20110808-15:04:19.272] thr=3   paramiko.transport: Secsh channel 1 opened.
DEB [20110808-15:04:19.305] thr=3   paramiko.transport: [chan 1] Sesch channel 1 request ok
DEB [20110808-15:04:19.374] thr=3   paramiko.transport: [chan 1] EOF received (1)
DEB [20110808-15:04:19.375] thr=3   paramiko.transport: [chan 1] EOF sent (1)
DEB [20110808-15:04:20.306] thr=2   paramiko.transport: [chan 2] Max packet in: 34816 bytes
DEB [20110808-15:04:20.335] thr=3   paramiko.transport: [chan 2] Max packet out: 32768 bytes
INF [20110808-15:04:20.335] thr=3   paramiko.transport: Secsh channel 2 opened.
DEB [20110808-15:04:20.369] thr=3   paramiko.transport: [chan 2] Sesch channel 2 request ok
DEB [20110808-15:04:20.437] thr=3   paramiko.transport: [chan 2] EOF received (2)
DEB [20110808-15:04:20.438] thr=3   paramiko.transport: [chan 2] EOF sent (2)
DEB [20110808-15:04:21.370] thr=2   paramiko.transport: [chan 3] Max packet in: 34816 bytes
DEB [20110808-15:04:21.399] thr=3   paramiko.transport: [chan 3] Max packet out: 32768 bytes
INF [20110808-15:04:21.399] thr=3   paramiko.transport: Secsh channel 3 opened.
DEB [20110808-15:04:21.432] thr=3   paramiko.transport: [chan 3] Sesch channel 3 request ok
DEB [20110808-15:04:21.502] thr=3   paramiko.transport: [chan 3] EOF received (3)
DEB [20110808-15:04:21.503] thr=3   paramiko.transport: [chan 3] EOF sent (3)
DEB [20110808-15:04:22.503] thr=3   paramiko.transport: EOF in transport thread
