DEB [20110414-13:58:25.991] thr=1   paramiko.transport: starting thread (client mode): 0xB7BCA60CL
INF [20110414-13:58:26.091] thr=1   paramiko.transport: Connected (version 1.99, client OpenSSH_5.0)
DEB [20110414-13:58:26.122] thr=1   paramiko.transport: kex algos:['diffie-hellman-group-exchange-sha256', 'diffie-hellman-group-exchange-sha1', 'diffie-hellman-group14-sha1', 'diffie-hellman-group1-sha1'] server key:['ssh-rsa', 'ssh-dss'] client encrypt:['aes128-cbc', '3des-cbc', 'blowfish-cbc', 'cast128-cbc', 'arcfour128', 'arcfour256', 'arcfour', 'aes192-cbc', 'aes256-cbc', 'rijndael-cbc@lysator.liu.se', 'aes128-ctr', 'aes192-ctr', 'aes256-ctr'] server encrypt:['aes128-cbc', '3des-cbc', 'blowfish-cbc', 'cast128-cbc', 'arcfour128', 'arcfour256', 'arcfour', 'aes192-cbc', 'aes256-cbc', 'rijndael-cbc@lysator.liu.se', 'aes128-ctr', 'aes192-ctr', 'aes256-ctr'] client mac:['hmac-md5', 'hmac-sha1', 'umac-64@openssh.com', 'hmac-ripemd160', 'hmac-ripemd160@openssh.com', 'hmac-sha1-96', 'hmac-md5-96'] server mac:['hmac-md5', 'hmac-sha1', 'umac-64@openssh.com', 'hmac-ripemd160', 'hmac-ripemd160@openssh.com', 'hmac-sha1-96', 'hmac-md5-96'] client compress:['none', 'zlib@openssh.com'] server compress:['none', 'zlib@openssh.com'] client lang:[''] server lang:[''] kex follows?False
DEB [20110414-13:58:26.122] thr=1   paramiko.transport: Ciphers agreed: local=aes128-ctr, remote=aes128-ctr
DEB [20110414-13:58:26.122] thr=1   paramiko.transport: using kex diffie-hellman-group1-sha1; server key type ssh-rsa; cipher: local aes128-ctr, remote aes128-ctr; mac: local hmac-sha1, remote hmac-sha1; compression: local none, remote none
DEB [20110414-13:58:26.778] thr=1   paramiko.transport: Switch to new keys ...
DEB [20110414-13:58:26.780] thr=2   paramiko.transport: Adding ssh-rsa host key for GDNS01: c911e820e6db5573a661968051e3ab8f
DEB [20110414-13:58:27.089] thr=2   paramiko.transport: Trying discovered key b9b91fa708e97dfdf42faefdd2a5dfeb in /home/vindaa/.ssh/id_rsa
DEB [20110414-13:58:27.120] thr=1   paramiko.transport: userauth is OK
INF [20110414-13:58:27.167] thr=1   paramiko.transport: Authentication (publickey) failed.
DEB [20110414-13:58:27.221] thr=1   paramiko.transport: userauth is OK
INF [20110414-13:58:27.252] thr=1   paramiko.transport: Authentication (password) failed.
DEB [20110414-13:58:27.519] thr=3   paramiko.transport: starting thread (client mode): 0xB7BD610CL
INF [20110414-13:58:27.621] thr=3   paramiko.transport: Connected (version 1.99, client OpenSSH_5.0)
DEB [20110414-13:58:27.651] thr=3   paramiko.transport: kex algos:['diffie-hellman-group-exchange-sha256', 'diffie-hellman-group-exchange-sha1', 'diffie-hellman-group14-sha1', 'diffie-hellman-group1-sha1'] server key:['ssh-rsa', 'ssh-dss'] client encrypt:['aes128-cbc', '3des-cbc', 'blowfish-cbc', 'cast128-cbc', 'arcfour128', 'arcfour256', 'arcfour', 'aes192-cbc', 'aes256-cbc', 'rijndael-cbc@lysator.liu.se', 'aes128-ctr', 'aes192-ctr', 'aes256-ctr'] server encrypt:['aes128-cbc', '3des-cbc', 'blowfish-cbc', 'cast128-cbc', 'arcfour128', 'arcfour256', 'arcfour', 'aes192-cbc', 'aes256-cbc', 'rijndael-cbc@lysator.liu.se', 'aes128-ctr', 'aes192-ctr', 'aes256-ctr'] client mac:['hmac-md5', 'hmac-sha1', 'umac-64@openssh.com', 'hmac-ripemd160', 'hmac-ripemd160@openssh.com', 'hmac-sha1-96', 'hmac-md5-96'] server mac:['hmac-md5', 'hmac-sha1', 'umac-64@openssh.com', 'hmac-ripemd160', 'hmac-ripemd160@openssh.com', 'hmac-sha1-96', 'hmac-md5-96'] client compress:['none', 'zlib@openssh.com'] server compress:['none', 'zlib@openssh.com'] client lang:[''] server lang:[''] kex follows?False
DEB [20110414-13:58:27.652] thr=3   paramiko.transport: Ciphers agreed: local=aes128-ctr, remote=aes128-ctr
DEB [20110414-13:58:27.652] thr=3   paramiko.transport: using kex diffie-hellman-group1-sha1; server key type ssh-rsa; cipher: local aes128-ctr, remote aes128-ctr; mac: local hmac-sha1, remote hmac-sha1; compression: local none, remote none
DEB [20110414-13:58:28.305] thr=3   paramiko.transport: Switch to new keys ...
DEB [20110414-13:58:28.618] thr=2   paramiko.transport: Trying discovered key b9b91fa708e97dfdf42faefdd2a5dfeb in /home/vindaa/.ssh/id_rsa
DEB [20110414-13:58:28.649] thr=3   paramiko.transport: userauth is OK
INF [20110414-13:58:28.699] thr=3   paramiko.transport: Authentication (publickey) failed.
DEB [20110414-13:58:28.751] thr=3   paramiko.transport: userauth is OK
INF [20110414-13:58:28.783] thr=3   paramiko.transport: Authentication (password) failed.
DEB [20110414-13:58:28.883] thr=3   paramiko.transport: EOF in transport thread
DEB [20110414-13:58:28.903] thr=1   paramiko.transport: EOF in transport thread
DEB [20110414-13:58:29.154] thr=4   paramiko.transport: starting thread (client mode): 0xB7BCA4ACL
INF [20110414-13:58:29.257] thr=4   paramiko.transport: Connected (version 1.99, client OpenSSH_5.0)
DEB [20110414-13:58:29.288] thr=4   paramiko.transport: kex algos:['diffie-hellman-group-exchange-sha256', 'diffie-hellman-group-exchange-sha1', 'diffie-hellman-group14-sha1', 'diffie-hellman-group1-sha1'] server key:['ssh-rsa', 'ssh-dss'] client encrypt:['aes128-cbc', '3des-cbc', 'blowfish-cbc', 'cast128-cbc', 'arcfour128', 'arcfour256', 'arcfour', 'aes192-cbc', 'aes256-cbc', 'rijndael-cbc@lysator.liu.se', 'aes128-ctr', 'aes192-ctr', 'aes256-ctr'] server encrypt:['aes128-cbc', '3des-cbc', 'blowfish-cbc', 'cast128-cbc', 'arcfour128', 'arcfour256', 'arcfour', 'aes192-cbc', 'aes256-cbc', 'rijndael-cbc@lysator.liu.se', 'aes128-ctr', 'aes192-ctr', 'aes256-ctr'] client mac:['hmac-md5', 'hmac-sha1', 'umac-64@openssh.com', 'hmac-ripemd160', 'hmac-ripemd160@openssh.com', 'hmac-sha1-96', 'hmac-md5-96'] server mac:['hmac-md5', 'hmac-sha1', 'umac-64@openssh.com', 'hmac-ripemd160', 'hmac-ripemd160@openssh.com', 'hmac-sha1-96', 'hmac-md5-96'] client compress:['none', 'zlib@openssh.com'] server compress:['none', 'zlib@openssh.com'] client lang:[''] server lang:[''] kex follows?False
DEB [20110414-13:58:29.288] thr=4   paramiko.transport: Ciphers agreed: local=aes128-ctr, remote=aes128-ctr
DEB [20110414-13:58:29.288] thr=4   paramiko.transport: using kex diffie-hellman-group1-sha1; server key type ssh-rsa; cipher: local aes128-ctr, remote aes128-ctr; mac: local hmac-sha1, remote hmac-sha1; compression: local none, remote none
DEB [20110414-13:58:29.933] thr=4   paramiko.transport: Switch to new keys ...
DEB [20110414-13:58:29.934] thr=2   paramiko.transport: Adding ssh-rsa host key for GDNS02: 0cb75405ac0d3824fa69b643f2aac7fb
DEB [20110414-13:58:30.249] thr=2   paramiko.transport: Trying discovered key b9b91fa708e97dfdf42faefdd2a5dfeb in /home/vindaa/.ssh/id_rsa
DEB [20110414-13:58:30.280] thr=4   paramiko.transport: userauth is OK
INF [20110414-13:58:30.327] thr=4   paramiko.transport: Authentication (publickey) failed.
DEB [20110414-13:58:30.381] thr=4   paramiko.transport: userauth is OK
INF [20110414-13:58:30.413] thr=4   paramiko.transport: Authentication (password) failed.
DEB [20110414-13:58:30.663] thr=5   paramiko.transport: starting thread (client mode): 0xB7BD682CL
INF [20110414-13:58:30.763] thr=5   paramiko.transport: Connected (version 1.99, client OpenSSH_5.0)
DEB [20110414-13:58:30.794] thr=5   paramiko.transport: kex algos:['diffie-hellman-group-exchange-sha256', 'diffie-hellman-group-exchange-sha1', 'diffie-hellman-group14-sha1', 'diffie-hellman-group1-sha1'] server key:['ssh-rsa', 'ssh-dss'] client encrypt:['aes128-cbc', '3des-cbc', 'blowfish-cbc', 'cast128-cbc', 'arcfour128', 'arcfour256', 'arcfour', 'aes192-cbc', 'aes256-cbc', 'rijndael-cbc@lysator.liu.se', 'aes128-ctr', 'aes192-ctr', 'aes256-ctr'] server encrypt:['aes128-cbc', '3des-cbc', 'blowfish-cbc', 'cast128-cbc', 'arcfour128', 'arcfour256', 'arcfour', 'aes192-cbc', 'aes256-cbc', 'rijndael-cbc@lysator.liu.se', 'aes128-ctr', 'aes192-ctr', 'aes256-ctr'] client mac:['hmac-md5', 'hmac-sha1', 'umac-64@openssh.com', 'hmac-ripemd160', 'hmac-ripemd160@openssh.com', 'hmac-sha1-96', 'hmac-md5-96'] server mac:['hmac-md5', 'hmac-sha1', 'umac-64@openssh.com', 'hmac-ripemd160', 'hmac-ripemd160@openssh.com', 'hmac-sha1-96', 'hmac-md5-96'] client compress:['none', 'zlib@openssh.com'] server compress:['none', 'zlib@openssh.com'] client lang:[''] server lang:[''] kex follows?False
DEB [20110414-13:58:30.794] thr=5   paramiko.transport: Ciphers agreed: local=aes128-ctr, remote=aes128-ctr
DEB [20110414-13:58:30.794] thr=5   paramiko.transport: using kex diffie-hellman-group1-sha1; server key type ssh-rsa; cipher: local aes128-ctr, remote aes128-ctr; mac: local hmac-sha1, remote hmac-sha1; compression: local none, remote none
DEB [20110414-13:58:31.333] thr=5   paramiko.transport: Switch to new keys ...
DEB [20110414-13:58:31.648] thr=2   paramiko.transport: Trying discovered key b9b91fa708e97dfdf42faefdd2a5dfeb in /home/vindaa/.ssh/id_rsa
DEB [20110414-13:58:31.679] thr=5   paramiko.transport: userauth is OK
INF [20110414-13:58:31.728] thr=5   paramiko.transport: Authentication (publickey) failed.
DEB [20110414-13:58:31.780] thr=5   paramiko.transport: userauth is OK
INF [20110414-13:58:31.811] thr=5   paramiko.transport: Authentication (password) failed.
DEB [20110414-13:58:31.911] thr=5   paramiko.transport: EOF in transport thread
DEB [20110414-13:58:31.932] thr=4   paramiko.transport: EOF in transport thread
DEB [20110414-13:58:32.184] thr=6   paramiko.transport: starting thread (client mode): 0xB7BCAFCCL
INF [20110414-13:58:32.301] thr=6   paramiko.transport: Connected (version 1.99, client OpenSSH_5.0)
DEB [20110414-13:58:32.333] thr=6   paramiko.transport: kex algos:['diffie-hellman-group-exchange-sha256', 'diffie-hellman-group-exchange-sha1', 'diffie-hellman-group14-sha1', 'diffie-hellman-group1-sha1'] server key:['ssh-rsa', 'ssh-dss'] client encrypt:['aes128-cbc', '3des-cbc', 'blowfish-cbc', 'cast128-cbc', 'arcfour128', 'arcfour256', 'arcfour', 'aes192-cbc', 'aes256-cbc', 'rijndael-cbc@lysator.liu.se', 'aes128-ctr', 'aes192-ctr', 'aes256-ctr'] server encrypt:['aes128-cbc', '3des-cbc', 'blowfish-cbc', 'cast128-cbc', 'arcfour128', 'arcfour256', 'arcfour', 'aes192-cbc', 'aes256-cbc', 'rijndael-cbc@lysator.liu.se', 'aes128-ctr', 'aes192-ctr', 'aes256-ctr'] client mac:['hmac-md5', 'hmac-sha1', 'umac-64@openssh.com', 'hmac-ripemd160', 'hmac-ripemd160@openssh.com', 'hmac-sha1-96', 'hmac-md5-96'] server mac:['hmac-md5', 'hmac-sha1', 'umac-64@openssh.com', 'hmac-ripemd160', 'hmac-ripemd160@openssh.com', 'hmac-sha1-96', 'hmac-md5-96'] client compress:['none', 'zlib@openssh.com'] server compress:['none', 'zlib@openssh.com'] client lang:[''] server lang:[''] kex follows?False
DEB [20110414-13:58:32.333] thr=6   paramiko.transport: Ciphers agreed: local=aes128-ctr, remote=aes128-ctr
DEB [20110414-13:58:32.333] thr=6   paramiko.transport: using kex diffie-hellman-group1-sha1; server key type ssh-rsa; cipher: local aes128-ctr, remote aes128-ctr; mac: local hmac-sha1, remote hmac-sha1; compression: local none, remote none
DEB [20110414-13:58:32.870] thr=6   paramiko.transport: Switch to new keys ...
DEB [20110414-13:58:32.871] thr=2   paramiko.transport: Adding ssh-rsa host key for GSUN518: 6b4e1c283632659cba3f19d7d663bb64
DEB [20110414-13:58:33.178] thr=2   paramiko.transport: Trying discovered key b9b91fa708e97dfdf42faefdd2a5dfeb in /home/vindaa/.ssh/id_rsa
DEB [20110414-13:58:33.210] thr=6   paramiko.transport: userauth is OK
INF [20110414-13:58:33.286] thr=6   paramiko.transport: Authentication (publickey) successful!
DEB [20110414-13:58:33.295] thr=2   paramiko.transport: [chan 1] Max packet in: 34816 bytes
DEB [20110414-13:58:33.328] thr=6   paramiko.transport: [chan 1] Max packet out: 32768 bytes
INF [20110414-13:58:33.328] thr=6   paramiko.transport: Secsh channel 1 opened.
DEB [20110414-13:58:33.393] thr=6   paramiko.transport: [chan 1] Sesch channel 1 request ok
DEB [20110414-13:58:33.421] thr=6   paramiko.transport: [chan 1] EOF received (1)
DEB [20110414-13:58:33.422] thr=6   paramiko.transport: [chan 1] EOF sent (1)
DEB [20110414-13:58:34.893] thr=2   paramiko.transport: [chan 2] Max packet in: 34816 bytes
DEB [20110414-13:58:34.926] thr=6   paramiko.transport: [chan 2] Max packet out: 32768 bytes
INF [20110414-13:58:34.927] thr=6   paramiko.transport: Secsh channel 2 opened.
DEB [20110414-13:58:34.992] thr=6   paramiko.transport: [chan 2] Sesch channel 2 request ok
DEB [20110414-13:58:35.048] thr=6   paramiko.transport: [chan 2] EOF received (2)
DEB [20110414-13:58:35.049] thr=6   paramiko.transport: [chan 2] EOF sent (2)
DEB [20110414-13:58:36.549] thr=6   paramiko.transport: EOF in transport thread
DEB [20110414-13:58:36.796] thr=7   paramiko.transport: starting thread (client mode): 0xB7BCA70CL
INF [20110414-13:58:36.940] thr=7   paramiko.transport: Connected (version 2.0, client OpenSSH_5.0)
DEB [20110414-13:58:36.971] thr=7   paramiko.transport: kex algos:['gss-gex-sha1-toWM5Slw5Ew8Mqkay+al2g==', 'gss-group1-sha1-toWM5Slw5Ew8Mqkay+al2g==', 'gss-group14-sha1-toWM5Slw5Ew8Mqkay+al2g==', 'diffie-hellman-group-exchange-sha256', 'diffie-hellman-group-exchange-sha1', 'diffie-hellman-group14-sha1', 'diffie-hellman-group1-sha1'] server key:['ssh-rsa', 'ssh-dss'] client encrypt:['aes128-cbc', '3des-cbc', 'blowfish-cbc', 'cast128-cbc', 'arcfour128', 'arcfour256', 'arcfour', 'aes192-cbc', 'aes256-cbc', 'rijndael-cbc@lysator.liu.se', 'aes128-ctr', 'aes192-ctr', 'aes256-ctr'] server encrypt:['aes128-cbc', '3des-cbc', 'blowfish-cbc', 'cast128-cbc', 'arcfour128', 'arcfour256', 'arcfour', 'aes192-cbc', 'aes256-cbc', 'rijndael-cbc@lysator.liu.se', 'aes128-ctr', 'aes192-ctr', 'aes256-ctr'] client mac:['hmac-md5', 'hmac-sha1', 'umac-64@openssh.com', 'hmac-ripemd160', 'hmac-ripemd160@openssh.com', 'hmac-sha1-96', 'hmac-md5-96'] server mac:['hmac-md5', 'hmac-sha1', 'umac-64@openssh.com', 'hmac-ripemd160', 'hmac-ripemd160@openssh.com', 'hmac-sha1-96', 'hmac-md5-96'] client compress:['none', 'zlib@openssh.com'] server compress:['none', 'zlib@openssh.com'] client lang:[''] server lang:[''] kex follows?False
DEB [20110414-13:58:36.971] thr=7   paramiko.transport: Ciphers agreed: local=aes128-ctr, remote=aes128-ctr
DEB [20110414-13:58:36.971] thr=7   paramiko.transport: using kex diffie-hellman-group1-sha1; server key type ssh-rsa; cipher: local aes128-ctr, remote aes128-ctr; mac: local hmac-sha1, remote hmac-sha1; compression: local none, remote none
DEB [20110414-13:58:38.886] thr=7   paramiko.transport: Switch to new keys ...
DEB [20110414-13:58:38.888] thr=2   paramiko.transport: Adding ssh-rsa host key for GSUN625: 3b4d8bdcf61d383138004911972a2956
DEB [20110414-13:58:39.206] thr=2   paramiko.transport: Trying discovered key b9b91fa708e97dfdf42faefdd2a5dfeb in /home/vindaa/.ssh/id_rsa
DEB [20110414-13:58:39.309] thr=7   paramiko.transport: userauth is OK
INF [20110414-13:58:40.217] thr=7   paramiko.transport: Authentication (publickey) successful!
DEB [20110414-13:58:40.219] thr=2   paramiko.transport: [chan 1] Max packet in: 34816 bytes
DEB [20110414-13:58:40.995] thr=7   paramiko.transport: [chan 1] Max packet out: 32768 bytes
INF [20110414-13:58:40.996] thr=7   paramiko.transport: Secsh channel 1 opened.
DEB [20110414-13:58:41.031] thr=7   paramiko.transport: [chan 1] Sesch channel 1 request ok
DEB [20110414-13:58:41.062] thr=7   paramiko.transport: [chan 1] EOF received (1)
DEB [20110414-13:58:41.063] thr=7   paramiko.transport: [chan 1] EOF sent (1)
DEB [20110414-13:58:42.532] thr=2   paramiko.transport: [chan 2] Max packet in: 34816 bytes
DEB [20110414-13:58:42.564] thr=7   paramiko.transport: [chan 2] Max packet out: 32768 bytes
INF [20110414-13:58:42.564] thr=7   paramiko.transport: Secsh channel 2 opened.
DEB [20110414-13:58:42.600] thr=7   paramiko.transport: [chan 2] Sesch channel 2 request ok
DEB [20110414-13:58:42.653] thr=7   paramiko.transport: [chan 2] EOF received (2)
DEB [20110414-13:58:42.654] thr=7   paramiko.transport: [chan 2] EOF sent (2)
DEB [20110414-13:58:44.155] thr=7   paramiko.transport: EOF in transport thread
DEB [20110414-13:58:44.419] thr=8   paramiko.transport: starting thread (client mode): 0xB7BCA8ACL
INF [20110414-13:58:44.526] thr=8   paramiko.transport: Connected (version 1.99, client OpenSSH_5.0)
DEB [20110414-13:58:44.557] thr=8   paramiko.transport: kex algos:['diffie-hellman-group-exchange-sha256', 'diffie-hellman-group-exchange-sha1', 'diffie-hellman-group14-sha1', 'diffie-hellman-group1-sha1'] server key:['ssh-rsa', 'ssh-dss'] client encrypt:['aes128-cbc', '3des-cbc', 'blowfish-cbc', 'cast128-cbc', 'arcfour128', 'arcfour256', 'arcfour', 'aes192-cbc', 'aes256-cbc', 'rijndael-cbc@lysator.liu.se', 'aes128-ctr', 'aes192-ctr', 'aes256-ctr'] server encrypt:['aes128-cbc', '3des-cbc', 'blowfish-cbc', 'cast128-cbc', 'arcfour128', 'arcfour256', 'arcfour', 'aes192-cbc', 'aes256-cbc', 'rijndael-cbc@lysator.liu.se', 'aes128-ctr', 'aes192-ctr', 'aes256-ctr'] client mac:['hmac-md5', 'hmac-sha1', 'umac-64@openssh.com', 'hmac-ripemd160', 'hmac-ripemd160@openssh.com', 'hmac-sha1-96', 'hmac-md5-96'] server mac:['hmac-md5', 'hmac-sha1', 'umac-64@openssh.com', 'hmac-ripemd160', 'hmac-ripemd160@openssh.com', 'hmac-sha1-96', 'hmac-md5-96'] client compress:['none', 'zlib@openssh.com'] server compress:['none', 'zlib@openssh.com'] client lang:[''] server lang:[''] kex follows?False
DEB [20110414-13:58:44.557] thr=8   paramiko.transport: Ciphers agreed: local=aes128-ctr, remote=aes128-ctr
DEB [20110414-13:58:44.557] thr=8   paramiko.transport: using kex diffie-hellman-group1-sha1; server key type ssh-rsa; cipher: local aes128-ctr, remote aes128-ctr; mac: local hmac-sha1, remote hmac-sha1; compression: local none, remote none
DEB [20110414-13:58:45.091] thr=8   paramiko.transport: Switch to new keys ...
DEB [20110414-13:58:45.092] thr=2   paramiko.transport: Adding ssh-rsa host key for GSUN634: 37df6c275cb659c4959e266aa68a98e8
DEB [20110414-13:58:45.396] thr=2   paramiko.transport: Trying discovered key b9b91fa708e97dfdf42faefdd2a5dfeb in /home/vindaa/.ssh/id_rsa
DEB [20110414-13:58:45.428] thr=8   paramiko.transport: userauth is OK
INF [20110414-13:58:45.537] thr=8   paramiko.transport: Authentication (publickey) successful!
DEB [20110414-13:58:45.561] thr=2   paramiko.transport: [chan 1] Max packet in: 34816 bytes
DEB [20110414-13:58:45.594] thr=8   paramiko.transport: [chan 1] Max packet out: 32768 bytes
INF [20110414-13:58:45.594] thr=8   paramiko.transport: Secsh channel 1 opened.
DEB [20110414-13:58:45.661] thr=8   paramiko.transport: [chan 1] Sesch channel 1 request ok
DEB [20110414-13:58:45.802] thr=8   paramiko.transport: [chan 1] EOF received (1)
DEB [20110414-13:58:45.804] thr=8   paramiko.transport: [chan 1] EOF sent (1)
DEB [20110414-13:58:47.162] thr=2   paramiko.transport: [chan 2] Max packet in: 34816 bytes
DEB [20110414-13:58:47.193] thr=8   paramiko.transport: [chan 2] Max packet out: 32768 bytes
INF [20110414-13:58:47.194] thr=8   paramiko.transport: Secsh channel 2 opened.
DEB [20110414-13:58:47.228] thr=8   paramiko.transport: [chan 2] Sesch channel 2 request ok
DEB [20110414-13:58:47.399] thr=8   paramiko.transport: [chan 2] EOF received (2)
DEB [20110414-13:58:47.400] thr=8   paramiko.transport: [chan 2] EOF sent (2)
DEB [20110414-13:58:48.801] thr=8   paramiko.transport: EOF in transport thread
DEB [20110414-13:58:49.056] thr=9   paramiko.transport: starting thread (client mode): 0xB7BCA6ACL
INF [20110414-13:58:49.197] thr=9   paramiko.transport: Connected (version 2.0, client OpenSSH_5.0)
DEB [20110414-13:58:49.230] thr=9   paramiko.transport: kex algos:['gss-gex-sha1-toWM5Slw5Ew8Mqkay+al2g==', 'gss-group1-sha1-toWM5Slw5Ew8Mqkay+al2g==', 'gss-group14-sha1-toWM5Slw5Ew8Mqkay+al2g==', 'diffie-hellman-group-exchange-sha256', 'diffie-hellman-group-exchange-sha1', 'diffie-hellman-group14-sha1', 'diffie-hellman-group1-sha1'] server key:['ssh-rsa', 'ssh-dss'] client encrypt:['aes128-cbc', '3des-cbc', 'blowfish-cbc', 'cast128-cbc', 'arcfour128', 'arcfour256', 'arcfour', 'aes192-cbc', 'aes256-cbc', 'rijndael-cbc@lysator.liu.se', 'aes128-ctr', 'aes192-ctr', 'aes256-ctr'] server encrypt:['aes128-cbc', '3des-cbc', 'blowfish-cbc', 'cast128-cbc', 'arcfour128', 'arcfour256', 'arcfour', 'aes192-cbc', 'aes256-cbc', 'rijndael-cbc@lysator.liu.se', 'aes128-ctr', 'aes192-ctr', 'aes256-ctr'] client mac:['hmac-md5', 'hmac-sha1', 'umac-64@openssh.com', 'hmac-ripemd160', 'hmac-ripemd160@openssh.com', 'hmac-sha1-96', 'hmac-md5-96'] server mac:['hmac-md5', 'hmac-sha1', 'umac-64@openssh.com', 'hmac-ripemd160', 'hmac-ripemd160@openssh.com', 'hmac-sha1-96', 'hmac-md5-96'] client compress:['none', 'zlib@openssh.com'] server compress:['none', 'zlib@openssh.com'] client lang:[''] server lang:[''] kex follows?False
DEB [20110414-13:58:49.230] thr=9   paramiko.transport: Ciphers agreed: local=aes128-ctr, remote=aes128-ctr
DEB [20110414-13:58:49.230] thr=9   paramiko.transport: using kex diffie-hellman-group1-sha1; server key type ssh-rsa; cipher: local aes128-ctr, remote aes128-ctr; mac: local hmac-sha1, remote hmac-sha1; compression: local none, remote none
DEB [20110414-13:58:51.143] thr=9   paramiko.transport: Switch to new keys ...
DEB [20110414-13:58:51.144] thr=2   paramiko.transport: Adding ssh-rsa host key for GSUN635: 0342cc5a2bcb96d7a22ffa8249fb42ea
DEB [20110414-13:58:51.451] thr=2   paramiko.transport: Trying discovered key b9b91fa708e97dfdf42faefdd2a5dfeb in /home/vindaa/.ssh/id_rsa
DEB [20110414-13:58:51.483] thr=9   paramiko.transport: userauth is OK
INF [20110414-13:58:52.454] thr=9   paramiko.transport: Authentication (publickey) successful!
DEB [20110414-13:58:52.462] thr=2   paramiko.transport: [chan 1] Max packet in: 34816 bytes
DEB [20110414-13:58:53.197] thr=9   paramiko.transport: [chan 1] Max packet out: 32768 bytes
INF [20110414-13:58:53.197] thr=9   paramiko.transport: Secsh channel 1 opened.
DEB [20110414-13:58:53.237] thr=9   paramiko.transport: [chan 1] Sesch channel 1 request ok
DEB [20110414-13:58:53.263] thr=9   paramiko.transport: [chan 1] EOF received (1)
DEB [20110414-13:58:53.265] thr=9   paramiko.transport: [chan 1] EOF sent (1)
DEB [20110414-13:58:54.566] thr=9   paramiko.transport: EOF in transport thread
