DEB [20110518-13:37:11.518] thr=1   paramiko.transport: starting thread (client mode): 0xB7B88D2CL
INF [20110518-13:37:11.559] thr=1   paramiko.transport: Connected (version 2.0, client OpenSSH_3.9p1)
DEB [20110518-13:37:11.598] thr=1   paramiko.transport: kex algos:['diffie-hellman-group-exchange-sha1', 'diffie-hellman-group14-sha1', 'diffie-hellman-group1-sha1'] server key:['ssh-rsa', 'ssh-dss'] client encrypt:['aes128-cbc', '3des-cbc', 'blowfish-cbc', 'cast128-cbc', 'arcfour', 'aes192-cbc', 'aes256-cbc', 'rijndael-cbc@lysator.liu.se', 'aes128-ctr', 'aes192-ctr', 'aes256-ctr'] server encrypt:['aes128-cbc', '3des-cbc', 'blowfish-cbc', 'cast128-cbc', 'arcfour', 'aes192-cbc', 'aes256-cbc', 'rijndael-cbc@lysator.liu.se', 'aes128-ctr', 'aes192-ctr', 'aes256-ctr'] client mac:['hmac-md5', 'hmac-sha1', 'hmac-ripemd160', 'hmac-ripemd160@openssh.com', 'hmac-sha1-96', 'hmac-md5-96'] server mac:['hmac-md5', 'hmac-sha1', 'hmac-ripemd160', 'hmac-ripemd160@openssh.com', 'hmac-sha1-96', 'hmac-md5-96'] client compress:['none', 'zlib'] server compress:['none', 'zlib'] client lang:[''] server lang:[''] kex follows?False
DEB [20110518-13:37:11.599] thr=1   paramiko.transport: Ciphers agreed: local=aes128-ctr, remote=aes128-ctr
DEB [20110518-13:37:11.599] thr=1   paramiko.transport: using kex diffie-hellman-group1-sha1; server key type ssh-rsa; cipher: local aes128-ctr, remote aes128-ctr; mac: local hmac-sha1, remote hmac-sha1; compression: local none, remote none
DEB [20110518-13:37:11.888] thr=1   paramiko.transport: Switch to new keys ...
DEB [20110518-13:37:11.889] thr=2   paramiko.transport: Adding ssh-rsa host key for amrndhl153: 45fe2bce656669cee76c32226c80d0a1
DEB [20110518-13:37:11.891] thr=2   paramiko.transport: Trying discovered key faae61ae355b97838da7e88db3330550 in /home/chaves04/.ssh/id_dsa
DEB [20110518-13:37:12.001] thr=1   paramiko.transport: userauth is OK
INF [20110518-13:37:12.082] thr=1   paramiko.transport: Authentication (publickey) failed.
DEB [20110518-13:37:12.133] thr=1   paramiko.transport: userauth is OK
INF [20110518-13:37:12.221] thr=1   paramiko.transport: Authentication (password) successful!
DEB [20110518-13:37:12.225] thr=2   paramiko.transport: [chan 1] Max packet in: 34816 bytes
DEB [20110518-13:37:12.266] thr=1   paramiko.transport: [chan 1] Max packet out: 32768 bytes
INF [20110518-13:37:12.267] thr=1   paramiko.transport: Secsh channel 1 opened.
DEB [20110518-13:37:12.328] thr=1   paramiko.transport: [chan 1] Sesch channel 1 request ok
DEB [20110518-13:37:12.405] thr=1   paramiko.transport: [chan 1] EOF received (1)
DEB [20110518-13:37:12.406] thr=1   paramiko.transport: [chan 1] EOF sent (1)
DEB [20110518-13:37:13.328] thr=2   paramiko.transport: [chan 2] Max packet in: 34816 bytes
DEB [20110518-13:37:13.372] thr=1   paramiko.transport: [chan 2] Max packet out: 32768 bytes
INF [20110518-13:37:13.372] thr=1   paramiko.transport: Secsh channel 2 opened.
DEB [20110518-13:37:13.430] thr=1   paramiko.transport: [chan 2] Sesch channel 2 request ok
DEB [20110518-13:37:13.507] thr=1   paramiko.transport: [chan 2] EOF received (2)
DEB [20110518-13:37:13.507] thr=1   paramiko.transport: [chan 2] EOF sent (2)
DEB [20110518-13:37:14.431] thr=2   paramiko.transport: [chan 3] Max packet in: 34816 bytes
DEB [20110518-13:37:14.469] thr=1   paramiko.transport: [chan 3] Max packet out: 32768 bytes
INF [20110518-13:37:14.469] thr=1   paramiko.transport: Secsh channel 3 opened.
DEB [20110518-13:37:14.533] thr=1   paramiko.transport: [chan 3] Sesch channel 3 request ok
DEB [20110518-13:37:14.610] thr=1   paramiko.transport: [chan 3] EOF received (3)
DEB [20110518-13:37:14.611] thr=1   paramiko.transport: [chan 3] EOF sent (3)
DEB [20110518-13:37:15.611] thr=1   paramiko.transport: EOF in transport thread
DEB [20110518-13:37:15.871] thr=3   paramiko.transport: starting thread (client mode): 0xB7B88E6CL
INF [20110518-13:37:15.905] thr=3   paramiko.transport: Connected (version 2.0, client OpenSSH_3.9p1)
DEB [20110518-13:37:15.936] thr=3   paramiko.transport: kex algos:['diffie-hellman-group-exchange-sha1', 'diffie-hellman-group14-sha1', 'diffie-hellman-group1-sha1'] server key:['ssh-rsa', 'ssh-dss'] client encrypt:['aes128-cbc', '3des-cbc', 'blowfish-cbc', 'cast128-cbc', 'arcfour', 'aes192-cbc', 'aes256-cbc', 'rijndael-cbc@lysator.liu.se', 'aes128-ctr', 'aes192-ctr', 'aes256-ctr'] server encrypt:['aes128-cbc', '3des-cbc', 'blowfish-cbc', 'cast128-cbc', 'arcfour', 'aes192-cbc', 'aes256-cbc', 'rijndael-cbc@lysator.liu.se', 'aes128-ctr', 'aes192-ctr', 'aes256-ctr'] client mac:['hmac-md5', 'hmac-sha1', 'hmac-ripemd160', 'hmac-ripemd160@openssh.com', 'hmac-sha1-96', 'hmac-md5-96'] server mac:['hmac-md5', 'hmac-sha1', 'hmac-ripemd160', 'hmac-ripemd160@openssh.com', 'hmac-sha1-96', 'hmac-md5-96'] client compress:['none', 'zlib'] server compress:['none', 'zlib'] client lang:[''] server lang:[''] kex follows?False
DEB [20110518-13:37:15.936] thr=3   paramiko.transport: Ciphers agreed: local=aes128-ctr, remote=aes128-ctr
DEB [20110518-13:37:15.936] thr=3   paramiko.transport: using kex diffie-hellman-group1-sha1; server key type ssh-rsa; cipher: local aes128-ctr, remote aes128-ctr; mac: local hmac-sha1, remote hmac-sha1; compression: local none, remote none
DEB [20110518-13:37:16.223] thr=3   paramiko.transport: Switch to new keys ...
DEB [20110518-13:37:16.224] thr=2   paramiko.transport: Adding ssh-rsa host key for amrndhl154: f555a017eddc41d435f54aa91a69304c
DEB [20110518-13:37:16.226] thr=2   paramiko.transport: Trying discovered key faae61ae355b97838da7e88db3330550 in /home/chaves04/.ssh/id_dsa
DEB [20110518-13:37:16.326] thr=3   paramiko.transport: userauth is OK
INF [20110518-13:37:16.430] thr=3   paramiko.transport: Authentication (publickey) failed.
DEB [20110518-13:37:16.462] thr=3   paramiko.transport: userauth is OK
INF [20110518-13:37:16.517] thr=3   paramiko.transport: Authentication (password) successful!
DEB [20110518-13:37:16.534] thr=2   paramiko.transport: [chan 1] Max packet in: 34816 bytes
DEB [20110518-13:37:16.565] thr=3   paramiko.transport: [chan 1] Max packet out: 32768 bytes
INF [20110518-13:37:16.565] thr=3   paramiko.transport: Secsh channel 1 opened.
DEB [20110518-13:37:16.597] thr=3   paramiko.transport: [chan 1] Sesch channel 1 request ok
DEB [20110518-13:37:16.673] thr=3   paramiko.transport: [chan 1] EOF received (1)
DEB [20110518-13:37:16.674] thr=3   paramiko.transport: [chan 1] EOF sent (1)
DEB [20110518-13:37:17.597] thr=2   paramiko.transport: [chan 2] Max packet in: 34816 bytes
DEB [20110518-13:37:17.628] thr=3   paramiko.transport: [chan 2] Max packet out: 32768 bytes
INF [20110518-13:37:17.628] thr=3   paramiko.transport: Secsh channel 2 opened.
DEB [20110518-13:37:17.661] thr=3   paramiko.transport: [chan 2] Sesch channel 2 request ok
DEB [20110518-13:37:17.731] thr=3   paramiko.transport: [chan 2] EOF received (2)
DEB [20110518-13:37:17.731] thr=3   paramiko.transport: [chan 2] EOF sent (2)
DEB [20110518-13:37:18.661] thr=2   paramiko.transport: [chan 3] Max packet in: 34816 bytes
DEB [20110518-13:37:18.693] thr=3   paramiko.transport: [chan 3] Max packet out: 32768 bytes
INF [20110518-13:37:18.694] thr=3   paramiko.transport: Secsh channel 3 opened.
DEB [20110518-13:37:18.756] thr=3   paramiko.transport: [chan 3] Sesch channel 3 request ok
DEB [20110518-13:37:18.826] thr=3   paramiko.transport: [chan 3] EOF received (3)
DEB [20110518-13:37:18.827] thr=3   paramiko.transport: [chan 3] EOF sent (3)
DEB [20110518-13:37:19.827] thr=3   paramiko.transport: EOF in transport thread
DEB [20110518-13:37:20.100] thr=3   paramiko.transport: starting thread (client mode): 0xB7B88E6CL
INF [20110518-13:37:20.142] thr=3   paramiko.transport: Connected (version 2.0, client OpenSSH_3.9p1)
DEB [20110518-13:37:20.178] thr=3   paramiko.transport: kex algos:['diffie-hellman-group-exchange-sha1', 'diffie-hellman-group14-sha1', 'diffie-hellman-group1-sha1'] server key:['ssh-rsa', 'ssh-dss'] client encrypt:['aes128-cbc', '3des-cbc', 'blowfish-cbc', 'cast128-cbc', 'arcfour', 'aes192-cbc', 'aes256-cbc', 'rijndael-cbc@lysator.liu.se', 'aes128-ctr', 'aes192-ctr', 'aes256-ctr'] server encrypt:['aes128-cbc', '3des-cbc', 'blowfish-cbc', 'cast128-cbc', 'arcfour', 'aes192-cbc', 'aes256-cbc', 'rijndael-cbc@lysator.liu.se', 'aes128-ctr', 'aes192-ctr', 'aes256-ctr'] client mac:['hmac-md5', 'hmac-sha1', 'hmac-ripemd160', 'hmac-ripemd160@openssh.com', 'hmac-sha1-96', 'hmac-md5-96'] server mac:['hmac-md5', 'hmac-sha1', 'hmac-ripemd160', 'hmac-ripemd160@openssh.com', 'hmac-sha1-96', 'hmac-md5-96'] client compress:['none', 'zlib'] server compress:['none', 'zlib'] client lang:[''] server lang:[''] kex follows?False
DEB [20110518-13:37:20.179] thr=3   paramiko.transport: Ciphers agreed: local=aes128-ctr, remote=aes128-ctr
DEB [20110518-13:37:20.179] thr=3   paramiko.transport: using kex diffie-hellman-group1-sha1; server key type ssh-rsa; cipher: local aes128-ctr, remote aes128-ctr; mac: local hmac-sha1, remote hmac-sha1; compression: local none, remote none
DEB [20110518-13:37:20.463] thr=3   paramiko.transport: Switch to new keys ...
DEB [20110518-13:37:20.464] thr=2   paramiko.transport: Adding ssh-rsa host key for amrndhl146: 3bccad923d49e623adbf007c3a1bc4bb
DEB [20110518-13:37:20.465] thr=2   paramiko.transport: Trying discovered key faae61ae355b97838da7e88db3330550 in /home/chaves04/.ssh/id_dsa
DEB [20110518-13:37:20.578] thr=3   paramiko.transport: userauth is OK
INF [20110518-13:37:20.743] thr=3   paramiko.transport: Authentication (publickey) failed.
DEB [20110518-13:37:20.805] thr=3   paramiko.transport: userauth is OK
INF [20110518-13:37:20.869] thr=3   paramiko.transport: Authentication (password) successful!
DEB [20110518-13:37:20.871] thr=2   paramiko.transport: [chan 1] Max packet in: 34816 bytes
DEB [20110518-13:37:20.950] thr=3   paramiko.transport: [chan 1] Max packet out: 32768 bytes
INF [20110518-13:37:20.950] thr=3   paramiko.transport: Secsh channel 1 opened.
DEB [20110518-13:37:21.010] thr=3   paramiko.transport: [chan 1] Sesch channel 1 request ok
DEB [20110518-13:37:21.086] thr=3   paramiko.transport: [chan 1] EOF received (1)
DEB [20110518-13:37:21.087] thr=3   paramiko.transport: [chan 1] EOF sent (1)
DEB [20110518-13:37:22.010] thr=2   paramiko.transport: [chan 2] Max packet in: 34816 bytes
DEB [20110518-13:37:22.048] thr=3   paramiko.transport: [chan 2] Max packet out: 32768 bytes
INF [20110518-13:37:22.048] thr=3   paramiko.transport: Secsh channel 2 opened.
DEB [20110518-13:37:22.112] thr=3   paramiko.transport: [chan 2] Sesch channel 2 request ok
DEB [20110518-13:37:22.188] thr=3   paramiko.transport: [chan 2] EOF received (2)
DEB [20110518-13:37:22.189] thr=3   paramiko.transport: [chan 2] EOF sent (2)
DEB [20110518-13:37:23.112] thr=2   paramiko.transport: [chan 3] Max packet in: 34816 bytes
DEB [20110518-13:37:23.149] thr=3   paramiko.transport: [chan 3] Max packet out: 32768 bytes
INF [20110518-13:37:23.149] thr=3   paramiko.transport: Secsh channel 3 opened.
DEB [20110518-13:37:23.214] thr=3   paramiko.transport: [chan 3] Sesch channel 3 request ok
DEB [20110518-13:37:23.289] thr=3   paramiko.transport: [chan 3] EOF received (3)
DEB [20110518-13:37:23.290] thr=3   paramiko.transport: [chan 3] EOF sent (3)
DEB [20110518-13:37:24.291] thr=3   paramiko.transport: EOF in transport thread
DEB [20110518-13:37:24.556] thr=4   paramiko.transport: starting thread (client mode): 0xB7B88E0CL
INF [20110518-13:37:24.593] thr=4   paramiko.transport: Connected (version 2.0, client OpenSSH_3.9p1)
DEB [20110518-13:37:24.623] thr=4   paramiko.transport: kex algos:['diffie-hellman-group-exchange-sha1', 'diffie-hellman-group14-sha1', 'diffie-hellman-group1-sha1'] server key:['ssh-rsa', 'ssh-dss'] client encrypt:['aes128-cbc', '3des-cbc', 'blowfish-cbc', 'cast128-cbc', 'arcfour', 'aes192-cbc', 'aes256-cbc', 'rijndael-cbc@lysator.liu.se', 'aes128-ctr', 'aes192-ctr', 'aes256-ctr'] server encrypt:['aes128-cbc', '3des-cbc', 'blowfish-cbc', 'cast128-cbc', 'arcfour', 'aes192-cbc', 'aes256-cbc', 'rijndael-cbc@lysator.liu.se', 'aes128-ctr', 'aes192-ctr', 'aes256-ctr'] client mac:['hmac-md5', 'hmac-sha1', 'hmac-ripemd160', 'hmac-ripemd160@openssh.com', 'hmac-sha1-96', 'hmac-md5-96'] server mac:['hmac-md5', 'hmac-sha1', 'hmac-ripemd160', 'hmac-ripemd160@openssh.com', 'hmac-sha1-96', 'hmac-md5-96'] client compress:['none', 'zlib'] server compress:['none', 'zlib'] client lang:[''] server lang:[''] kex follows?False
DEB [20110518-13:37:24.623] thr=4   paramiko.transport: Ciphers agreed: local=aes128-ctr, remote=aes128-ctr
DEB [20110518-13:37:24.624] thr=4   paramiko.transport: using kex diffie-hellman-group1-sha1; server key type ssh-rsa; cipher: local aes128-ctr, remote aes128-ctr; mac: local hmac-sha1, remote hmac-sha1; compression: local none, remote none
DEB [20110518-13:37:24.905] thr=4   paramiko.transport: Switch to new keys ...
DEB [20110518-13:37:24.907] thr=2   paramiko.transport: Adding ssh-rsa host key for amrndhl147: 828ce03ffdbb37587cd98693df498bfa
DEB [20110518-13:37:24.908] thr=2   paramiko.transport: Trying discovered key faae61ae355b97838da7e88db3330550 in /home/chaves04/.ssh/id_dsa
DEB [20110518-13:37:25.007] thr=4   paramiko.transport: userauth is OK
INF [20110518-13:37:25.120] thr=4   paramiko.transport: Authentication (publickey) failed.
DEB [20110518-13:37:25.158] thr=4   paramiko.transport: userauth is OK
INF [20110518-13:37:25.210] thr=4   paramiko.transport: Authentication (password) successful!
DEB [20110518-13:37:25.227] thr=2   paramiko.transport: [chan 1] Max packet in: 34816 bytes
DEB [20110518-13:37:25.282] thr=4   paramiko.transport: [chan 1] Max packet out: 32768 bytes
INF [20110518-13:37:25.282] thr=4   paramiko.transport: Secsh channel 1 opened.
DEB [20110518-13:37:25.323] thr=4   paramiko.transport: [chan 1] Sesch channel 1 request ok
DEB [20110518-13:37:25.396] thr=4   paramiko.transport: [chan 1] EOF received (1)
DEB [20110518-13:37:25.397] thr=4   paramiko.transport: [chan 1] EOF sent (1)
DEB [20110518-13:37:26.324] thr=2   paramiko.transport: [chan 2] Max packet in: 34816 bytes
DEB [20110518-13:37:26.355] thr=4   paramiko.transport: [chan 2] Max packet out: 32768 bytes
INF [20110518-13:37:26.356] thr=4   paramiko.transport: Secsh channel 2 opened.
DEB [20110518-13:37:26.388] thr=4   paramiko.transport: [chan 2] Sesch channel 2 request ok
DEB [20110518-13:37:26.459] thr=4   paramiko.transport: [chan 2] EOF received (2)
DEB [20110518-13:37:26.460] thr=4   paramiko.transport: [chan 2] EOF sent (2)
DEB [20110518-13:37:27.388] thr=2   paramiko.transport: [chan 3] Max packet in: 34816 bytes
DEB [20110518-13:37:27.420] thr=4   paramiko.transport: [chan 3] Max packet out: 32768 bytes
INF [20110518-13:37:27.420] thr=4   paramiko.transport: Secsh channel 3 opened.
DEB [20110518-13:37:27.452] thr=4   paramiko.transport: [chan 3] Sesch channel 3 request ok
DEB [20110518-13:37:27.521] thr=4   paramiko.transport: [chan 3] EOF received (3)
DEB [20110518-13:37:27.522] thr=4   paramiko.transport: [chan 3] EOF sent (3)
DEB [20110518-13:37:28.528] thr=4   paramiko.transport: EOF in transport thread
DEB [20110518-13:37:28.790] thr=4   paramiko.transport: starting thread (client mode): 0xB7B88E0CL
INF [20110518-13:37:28.826] thr=4   paramiko.transport: Connected (version 2.0, client OpenSSH_3.9p1)
DEB [20110518-13:37:28.859] thr=4   paramiko.transport: kex algos:['diffie-hellman-group-exchange-sha1', 'diffie-hellman-group14-sha1', 'diffie-hellman-group1-sha1'] server key:['ssh-rsa', 'ssh-dss'] client encrypt:['aes128-cbc', '3des-cbc', 'blowfish-cbc', 'cast128-cbc', 'arcfour', 'aes192-cbc', 'aes256-cbc', 'rijndael-cbc@lysator.liu.se', 'aes128-ctr', 'aes192-ctr', 'aes256-ctr'] server encrypt:['aes128-cbc', '3des-cbc', 'blowfish-cbc', 'cast128-cbc', 'arcfour', 'aes192-cbc', 'aes256-cbc', 'rijndael-cbc@lysator.liu.se', 'aes128-ctr', 'aes192-ctr', 'aes256-ctr'] client mac:['hmac-md5', 'hmac-sha1', 'hmac-ripemd160', 'hmac-ripemd160@openssh.com', 'hmac-sha1-96', 'hmac-md5-96'] server mac:['hmac-md5', 'hmac-sha1', 'hmac-ripemd160', 'hmac-ripemd160@openssh.com', 'hmac-sha1-96', 'hmac-md5-96'] client compress:['none', 'zlib'] server compress:['none', 'zlib'] client lang:[''] server lang:[''] kex follows?False
DEB [20110518-13:37:28.859] thr=4   paramiko.transport: Ciphers agreed: local=aes128-ctr, remote=aes128-ctr
DEB [20110518-13:37:28.859] thr=4   paramiko.transport: using kex diffie-hellman-group1-sha1; server key type ssh-rsa; cipher: local aes128-ctr, remote aes128-ctr; mac: local hmac-sha1, remote hmac-sha1; compression: local none, remote none
DEB [20110518-13:37:29.140] thr=4   paramiko.transport: Switch to new keys ...
DEB [20110518-13:37:29.143] thr=2   paramiko.transport: Adding ssh-rsa host key for amrndhl148: da54f9d320f732098273bf143ab246c0
DEB [20110518-13:37:29.144] thr=2   paramiko.transport: Trying discovered key faae61ae355b97838da7e88db3330550 in /home/chaves04/.ssh/id_dsa
DEB [20110518-13:37:29.239] thr=4   paramiko.transport: userauth is OK
INF [20110518-13:37:29.364] thr=4   paramiko.transport: Authentication (publickey) failed.
DEB [20110518-13:37:29.408] thr=4   paramiko.transport: userauth is OK
INF [20110518-13:37:29.463] thr=4   paramiko.transport: Authentication (password) successful!
DEB [20110518-13:37:29.479] thr=2   paramiko.transport: [chan 1] Max packet in: 34816 bytes
DEB [20110518-13:37:29.538] thr=4   paramiko.transport: [chan 1] Max packet out: 32768 bytes
INF [20110518-13:37:29.538] thr=4   paramiko.transport: Secsh channel 1 opened.
DEB [20110518-13:37:29.579] thr=4   paramiko.transport: [chan 1] Sesch channel 1 request ok
DEB [20110518-13:37:29.650] thr=4   paramiko.transport: [chan 1] EOF received (1)
DEB [20110518-13:37:29.650] thr=4   paramiko.transport: [chan 1] EOF sent (1)
DEB [20110518-13:37:30.580] thr=2   paramiko.transport: [chan 2] Max packet in: 34816 bytes
DEB [20110518-13:37:30.610] thr=4   paramiko.transport: [chan 2] Max packet out: 32768 bytes
INF [20110518-13:37:30.610] thr=4   paramiko.transport: Secsh channel 2 opened.
DEB [20110518-13:37:30.644] thr=4   paramiko.transport: [chan 2] Sesch channel 2 request ok
DEB [20110518-13:37:30.716] thr=4   paramiko.transport: [chan 2] EOF received (2)
DEB [20110518-13:37:30.717] thr=4   paramiko.transport: [chan 2] EOF sent (2)
DEB [20110518-13:37:31.644] thr=2   paramiko.transport: [chan 3] Max packet in: 34816 bytes
DEB [20110518-13:37:31.675] thr=4   paramiko.transport: [chan 3] Max packet out: 32768 bytes
INF [20110518-13:37:31.675] thr=4   paramiko.transport: Secsh channel 3 opened.
DEB [20110518-13:37:31.708] thr=4   paramiko.transport: [chan 3] Sesch channel 3 request ok
DEB [20110518-13:37:31.777] thr=4   paramiko.transport: [chan 3] EOF received (3)
DEB [20110518-13:37:31.778] thr=4   paramiko.transport: [chan 3] EOF sent (3)
DEB [20110518-13:37:32.779] thr=4   paramiko.transport: EOF in transport thread
DEB [20110518-13:37:33.047] thr=4   paramiko.transport: starting thread (client mode): 0xB7B88E0CL
INF [20110518-13:37:33.086] thr=4   paramiko.transport: Connected (version 2.0, client OpenSSH_4.3)
DEB [20110518-13:37:33.116] thr=4   paramiko.transport: kex algos:['diffie-hellman-group-exchange-sha1', 'diffie-hellman-group14-sha1', 'diffie-hellman-group1-sha1'] server key:['ssh-rsa', 'ssh-dss'] client encrypt:['aes128-cbc', '3des-cbc', 'blowfish-cbc', 'cast128-cbc', 'arcfour128', 'arcfour256', 'arcfour', 'aes192-cbc', 'aes256-cbc', 'rijndael-cbc@lysator.liu.se', 'aes128-ctr', 'aes192-ctr', 'aes256-ctr'] server encrypt:['aes128-cbc', '3des-cbc', 'blowfish-cbc', 'cast128-cbc', 'arcfour128', 'arcfour256', 'arcfour', 'aes192-cbc', 'aes256-cbc', 'rijndael-cbc@lysator.liu.se', 'aes128-ctr', 'aes192-ctr', 'aes256-ctr'] client mac:['hmac-md5', 'hmac-sha1', 'hmac-ripemd160', 'hmac-ripemd160@openssh.com', 'hmac-sha1-96', 'hmac-md5-96'] server mac:['hmac-md5', 'hmac-sha1', 'hmac-ripemd160', 'hmac-ripemd160@openssh.com', 'hmac-sha1-96', 'hmac-md5-96'] client compress:['none', 'zlib@openssh.com'] server compress:['none', 'zlib@openssh.com'] client lang:[''] server lang:[''] kex follows?False
DEB [20110518-13:37:33.116] thr=4   paramiko.transport: Ciphers agreed: local=aes128-ctr, remote=aes128-ctr
DEB [20110518-13:37:33.116] thr=4   paramiko.transport: using kex diffie-hellman-group1-sha1; server key type ssh-rsa; cipher: local aes128-ctr, remote aes128-ctr; mac: local hmac-sha1, remote hmac-sha1; compression: local none, remote none
DEB [20110518-13:37:33.408] thr=4   paramiko.transport: Switch to new keys ...
DEB [20110518-13:37:33.409] thr=2   paramiko.transport: Adding ssh-rsa host key for amrndhl106: e647ca1948605cd2224d3b6f21ee48d1
DEB [20110518-13:37:33.411] thr=2   paramiko.transport: Trying discovered key faae61ae355b97838da7e88db3330550 in /home/chaves04/.ssh/id_dsa
DEB [20110518-13:37:33.514] thr=4   paramiko.transport: userauth is OK
INF [20110518-13:37:33.555] thr=4   paramiko.transport: Authentication (publickey) failed.
DEB [20110518-13:37:33.613] thr=4   paramiko.transport: userauth is OK
INF [20110518-13:37:33.669] thr=4   paramiko.transport: Authentication (password) successful!
DEB [20110518-13:37:33.678] thr=2   paramiko.transport: [chan 1] Max packet in: 34816 bytes
DEB [20110518-13:37:33.708] thr=4   paramiko.transport: [chan 1] Max packet out: 32768 bytes
INF [20110518-13:37:33.708] thr=4   paramiko.transport: Secsh channel 1 opened.
DEB [20110518-13:37:33.743] thr=4   paramiko.transport: [chan 1] Sesch channel 1 request ok
DEB [20110518-13:37:33.813] thr=4   paramiko.transport: [chan 1] EOF received (1)
DEB [20110518-13:37:33.814] thr=4   paramiko.transport: [chan 1] EOF sent (1)
DEB [20110518-13:37:34.744] thr=2   paramiko.transport: [chan 2] Max packet in: 34816 bytes
DEB [20110518-13:37:34.774] thr=4   paramiko.transport: [chan 2] Max packet out: 32768 bytes
INF [20110518-13:37:34.774] thr=4   paramiko.transport: Secsh channel 2 opened.
DEB [20110518-13:37:34.807] thr=4   paramiko.transport: [chan 2] Sesch channel 2 request ok
DEB [20110518-13:37:34.878] thr=4   paramiko.transport: [chan 2] EOF received (2)
DEB [20110518-13:37:34.879] thr=4   paramiko.transport: [chan 2] EOF sent (2)
DEB [20110518-13:37:35.808] thr=2   paramiko.transport: [chan 3] Max packet in: 34816 bytes
DEB [20110518-13:37:35.839] thr=4   paramiko.transport: [chan 3] Max packet out: 32768 bytes
INF [20110518-13:37:35.839] thr=4   paramiko.transport: Secsh channel 3 opened.
DEB [20110518-13:37:35.872] thr=4   paramiko.transport: [chan 3] Sesch channel 3 request ok
DEB [20110518-13:37:35.941] thr=4   paramiko.transport: [chan 3] EOF received (3)
DEB [20110518-13:37:35.942] thr=4   paramiko.transport: [chan 3] EOF sent (3)
DEB [20110518-13:37:36.943] thr=4   paramiko.transport: EOF in transport thread
